#
# A fatal error has been detected by the Java Runtime Environment:
#
#  EXCEPTION_ACCESS_VIOLATION (0xc0000005) at pc=0x0000022df7b00fa4, pid=29488, tid=12600
#
# JRE version: OpenJDK Runtime Environment Temurin-21.0.7+6 (21.0.7+6) (build 21.0.7+6-LTS)
# Java VM: OpenJDK 64-Bit Server VM Temurin-21.0.7+6 (21.0.7+6-LTS, mixed mode, emulated-client, sharing, tiered, compressed oops, compressed class ptrs, g1 gc, windows-amd64)
# Problematic frame:
# v  ~BufferBlob::MethodHandles adapters 0x0000022df7b00fa4
#
# No core dump will be written. Minidumps are not enabled by default on client versions of Windows
#
# If you would like to submit a bug report, please visit:
#   https://github.com/adoptium/adoptium-support/issues
#

---------------  S U M M A R Y ------------

Command Line: -XX:+ShowCodeDetailsInExceptionMessages -agentlib:jdwp=transport=dt_socket,suspend=y,address=localhost:63997 -Dcom.sun.management.jmxremote -Dcom.sun.management.jmxremote.port=63995 -Dcom.sun.management.jmxremote.authenticate=false -Dcom.sun.management.jmxremote.ssl=false -Djava.rmi.server.hostname=localhost -Dspring.jmx.enabled=true -Dmanagement.endpoints.jmx.exposure.include=* -Dspring.application.admin.enabled=true -Dspring.output.ansi.enabled=always -XX:TieredStopAtLevel=1 -Dspring.boot.project.name=AnySpares-ServiceGateway -javaagent:D:\CS  software\Softwares-Custom\sts-4.31.0.RELEASE\configuration\org.eclipse.osgi\273\0\.cp\lib\javaagent-shaded.jar -Dfile.encoding=UTF-8 -Dstdout.encoding=UTF-8 -Dstderr.encoding=UTF-8 com.anyspares.app.AnySparesServiceGatewayApplication

Host: 13th Gen Intel(R) Core(TM) i5-1345U, 12 cores, 15G,  Windows 11 , 64 bit Build 22621 (10.0.22621.5415)
Time: Sun Aug 17 11:57:31 2025 India Standard Time elapsed time: 837.998568 seconds (0d 0h 13m 57s)

---------------  T H R E A D  ---------------

Current thread (0x0000022dc8aeee10):  JavaThread "http-nio-8080-exec-10" daemon [_thread_in_Java, id=12600, stack(0x000000e779c00000,0x000000e779d00000) (1024K)]

Stack: [0x000000e779c00000,0x000000e779d00000],  sp=0x000000e779cfcf68,  free space=1011k
Native frames: (J=compiled Java code, j=interpreted, Vv=VM code, C=native code)
C  0x0000022df7b00fa4

The last pc belongs to _linkToVirtual (printed below).

siginfo: EXCEPTION_ACCESS_VIOLATION (0xc0000005), reading address 0x0000023fbbbd0bbb


Registers:
RAX=0x0000022df7ad958b, RBX=0x000000070bd6de38, RCX=0x000000e779cfcf78, RDX=0x0000000000000003
RSP=0x000000e779cfcf68, RBP=0x000000e779cfcfc0, RSI=0x0000022dc9584438, RDI=0x0000022dc8767240
R8 =0x0000000000000004, R9 =0x0000000000000004, R10=0x0000022e47c58273, R11=0x000000022e7ef0f1
R12=0x0000000000000000, R13=0x000000e779cfcf68, R14=0x000000e779cfcfe8, R15=0x0000022dc8aeee10
RIP=0x0000022df7b00fa4, EFLAGS=0x0000000000010202

XMM[0]=0x0000000000000000 0x0000000000000000
XMM[1]=0x0000000000000000 0x0000000000000000
XMM[2]=0x0000000000000000 0x0000000000000000
XMM[3]=0x0000000000000000 0x0000000000000000
XMM[4]=0x0000000000000000 0x0000000000000000
XMM[5]=0x0000000000000000 0x0000000000000000
XMM[6]=0x0000000000000000 0x0000000000000000
XMM[7]=0x0000000000000000 0x0000000000000000
XMM[8]=0x0000000000000000 0x0000000000000000
XMM[9]=0x0000000000000000 0x0000000000000000
XMM[10]=0x0000000000000000 0x0000000000000000
XMM[11]=0x0000000000000000 0x0000000000000000
XMM[12]=0x0000000000000000 0x0000000000000000
XMM[13]=0x0000000000000000 0x0000000000000000
XMM[14]=0x0000000000000000 0x0000000000000000
XMM[15]=0x0000000000000000 0x0000000000000000
  MXCSR=0x00001fa0


Register to memory mapping:

RAX=0x0000022df7ad958b is at code_begin+4363 in an Interpreter codelet
return entry points  [0x0000022df7ad8480, 0x0000022df7ada298]  7704 bytes
RBX=0x000000070bd6de38 is an oop: com.anyspares.app.controller.model.LoginDetails 
{0x000000070bd6de38} - klass: 'com/anyspares/app/controller/model/LoginDetails'
 - ---- fields (total size 4 words):
 - private 'emailId' 'Ljava/lang/String;' @12  "rahul@gmail.com"{0x000000070bd6dff8} (0xe17adbff)
 - private 'mobileNo' 'J' @16  9370005745 (0x000000022e7ef0f1)
 - private 'password' 'Ljava/lang/String;' @24  "password"{0x000000070bd6e078} (0xe17adc0f)
RCX=0x000000e779cfcf78 is pointing into the stack for thread: 0x0000022dc8aeee10
RDX=0x0000000000000003 is an unknown value
RSP=0x000000e779cfcf68 is pointing into the stack for thread: 0x0000022dc8aeee10
RBP=0x000000e779cfcfc0 is pointing into the stack for thread: 0x0000022dc8aeee10
RSI=0x0000022dc9584438 points into unknown readable memory: 0x80000800d469d80d | 0d d8 69 d4 00 08 00 80
RDI=0x0000022dc8767240 points into unknown readable memory: 0x0000002000000070 | 70 00 00 00 20 00 00 00
R8 =0x0000000000000004 is an unknown value
R9 =0x0000000000000004 is an unknown value
R10=0x0000022e47c58273 is an unknown value
R11=0x000000022e7ef0f1 is an unknown value
R12=0x0 is null
R13=0x000000e779cfcf68 is pointing into the stack for thread: 0x0000022dc8aeee10
R14=0x000000e779cfcfe8 is pointing into the stack for thread: 0x0000022dc8aeee10
R15=0x0000022dc8aeee10 is a thread

Top of Stack: (sp=0x000000e779cfcf68)
0x000000e779cfcf68:   0000022df7ad958b 0000000708f3d940
0x000000e779cfcf78:   000000e779cfcf78 0000022dc4c58273
0x000000e779cfcf88:   0000000000000005 0000022dc4c583c0
0x000000e779cfcf98:   000000e779cfcac4 0000000705804370
0x000000e779cfcfa8:   0000022dc4c58280 000000e779cfcf68
0x000000e779cfcfb8:   000000e779cfcff0 000000e779cfd318
0x000000e779cfcfc8:   0000022df7e72137 000000070bd1dba0
0x000000e779cfcfd8:   000000070bd6de38 0000000708f3d940
0x000000e779cfcfe8:   000000070bd1dd48 000000070902b230
0x000000e779cfcff8:   0000022df7e4911e 000000070bd1da30
0x000000e779cfd008:   000000070902b230 000000070bd1e058
0x000000e779cfd018:   0000000708f3d940 000000070bd1e008
0x000000e779cfd028:   000000070bd6de38 000000070bd6de38
0x000000e779cfd038:   000000070bd1df10 000000070bd1dd48
0x000000e779cfd048:   0000000708f3d940 0000022df7e72054
0x000000e779cfd058:   0000000000000001 000000e779cfd318
0x000000e779cfd068:   0000022df84dfeb2 000000070bd1da30
0x000000e779cfd078:   00000007059c2b10 0000000000000000
0x000000e779cfd088:   0000000000000000 000000e779cfcae0
0x000000e779cfd098:   000000e779cfcae4 0000000000000000
0x000000e779cfd0a8:   0000000000000000 000000e779cfd318
0x000000e779cfd0b8:   0000022df7f13ac4 000000e779cfdd90
0x000000e779cfd0c8:   000000e779cfdd94 000000e779cfc960
0x000000e779cfd0d8:   0000000000000c00 0000000000000000
0x000000e779cfd0e8:   0000000000000000 0000000000000000
0x000000e779cfd0f8:   0000000000000000 0000000000000000
0x000000e779cfd108:   0000000000000000 0000000000000000
0x000000e779cfd118:   0000000000000000 000000070bd1e088
0x000000e779cfd128:   000000070bd6ab38 0000000708f3d940
0x000000e779cfd138:   0000000709088b38 00000007059c2b10
0x000000e779cfd148:   000000070902b230 000000070902b230
0x000000e779cfd158:   0000022d00000001 000000070bd1da30 

Instructions: (pc=0x0000022df7b00fa4)
0x0000022df7b00ea4:   2d 02 00 00 00 0f b0 f7 2d 02 00 00 80 1f b0 f7
0x0000022df7b00eb4:   2d 02 00 00 f0 0e b0 f7 2d 02 00 00 f0 0e b0 f7
0x0000022df7b00ec4:   2d 02 00 00 00 00 00 00 00 00 00 00 38 87 60 9e
0x0000022df7b00ed4:   fc 7f 00 00 f0 10 00 00 60 00 00 00 ff ff ff ff
0x0000022df7b00ee4:   f0 10 00 00 00 00 00 00 00 00 00 00 00 00 00 00
0x0000022df7b00ef4:   00 00 00 00 00 00 00 00 00 00 00 00 f4 66 66 66
0x0000022df7b00f04:   0f 1f 84 00 00 00 00 00 66 66 66 90 66 66 66 0f
0x0000022df7b00f14:   1f 84 00 00 00 00 00 66 66 66 90 90 48 8b 53 08
0x0000022df7b00f24:   0f b7 52 2e 48 8b 0c d4 8b 59 14 48 c1 e3 03 8b
0x0000022df7b00f34:   5b 28 48 c1 e3 03 8b 5b 24 48 c1 e3 03 48 8b 5b
0x0000022df7b00f44:   10 48 85 db 0f 84 10 00 00 00 41 80 bf d8 05 00
0x0000022df7b00f54:   00 00 74 03 ff 63 38 ff 63 50 e9 9d 16 00 00 66
0x0000022df7b00f64:   66 66 0f 1f 84 00 00 00 00 00 66 66 66 90 66 66
0x0000022df7b00f74:   0f 1f 84 00 00 00 00 00 66 66 66 90 48 8b 53 08
0x0000022df7b00f84:   0f b7 52 2e 48 8b 0c d4 58 5b 50 44 8b 51 08 49
0x0000022df7b00f94:   bb 00 00 00 83 2d 02 00 00 4d 03 d3 4c 8b 5b 10
0x0000022df7b00fa4:   4b 8b 9c da c0 01 00 00 48 85 db 0f 84 10 00 00
0x0000022df7b00fb4:   00 41 80 bf d8 05 00 00 00 74 03 ff 63 38 ff 63
0x0000022df7b00fc4:   50 e9 36 16 00 00 66 66 66 0f 1f 84 00 00 00 00
0x0000022df7b00fd4:   00 66 66 66 90 0f 1f 80 00 00 00 00 58 5b 50 8b
0x0000022df7b00fe4:   5b 24 48 c1 e3 03 48 8b 5b 10 48 85 db 0f 84 10
0x0000022df7b00ff4:   00 00 00 41 80 bf d8 05 00 00 00 74 03 ff 63 38
0x0000022df7b01004:   ff 63 50 e9 f4 15 00 00 66 66 66 0f 1f 84 00 00
0x0000022df7b01014:   00 00 00 66 66 66 90 0f 1f 44 00 00 48 8b 53 08
0x0000022df7b01024:   0f b7 52 2e 48 8b 0c d4 58 5b 50 48 3b 01 8b 5b
0x0000022df7b01034:   24 48 c1 e3 03 48 8b 5b 10 48 85 db 0f 84 10 00
0x0000022df7b01044:   00 00 41 80 bf d8 05 00 00 00 74 03 ff 63 38 ff
0x0000022df7b01054:   63 50 e9 a5 15 00 00 0f 1f 44 00 00 48 8b 53 08
0x0000022df7b01064:   0f b7 52 2e 48 8b 0c d4 58 5b 50 44 8b 51 08 49
0x0000022df7b01074:   bb 00 00 00 83 2d 02 00 00 4d 03 d3 8b 43 18 48
0x0000022df7b01084:   c1 e0 03 48 8b 40 10 48 8b 5b 10 45 8b 9a a0 00
0x0000022df7b01094:   00 00 4f 8d 9c da c0 01 00 00 4d 8d 14 da 49 8b 


Stack slot to memory mapping:

stack at sp + 0 slots: 0x0000022df7ad958b is at code_begin+4363 in an Interpreter codelet
return entry points  [0x0000022df7ad8480, 0x0000022df7ada298]  7704 bytes
stack at sp + 1 slots: 0x0000000708f3d940 is an oop: com.anyspares.app.controller.AppLoginController 
{0x0000000708f3d940} - klass: 'com/anyspares/app/controller/AppLoginController'
 - ---- fields (total size 3 words):
 - private final 'anySparesServiceGatewayApplication' 'Lcom/anyspares/app/AnySparesServiceGatewayApplication;' @12  a 'com/anyspares/app/AnySparesServiceGatewayApplication'{0x0000000708e6e8b8} (0xe11cdd17)
 - private 'appUserRepo' 'Lcom/anyspares/app/repo/AppUserRepo;' @16  a 'jdk/proxy9/$Proxy185'{0x000000070d42cc10} (0xe1a85982)
 - private 'logger' 'Lorg/slf4j/Logger;' @20  a 'ch/qos/logback/classic/Logger'{0x0000000706579ac8} (0xe0caf359)
stack at sp + 2 slots: 0x000000e779cfcf78 is pointing into the stack for thread: 0x0000022dc8aeee10
stack at sp + 3 slots: 0x0000022dc4c58273 is pointing into metadata
stack at sp + 4 slots: 0x0000000000000005 is an unknown value
stack at sp + 5 slots: 0x0000022dc4c583c0 is pointing into metadata
stack at sp + 6 slots: 0x000000e779cfcac4 is pointing into the stack for thread: 0x0000022dc8aeee10
stack at sp + 7 slots: 0x0000000705804370 is an oop: java.lang.Class 
{0x0000000705804370} - klass: 'java/lang/Class'
 - ---- fields (total size 15 words):
 - private volatile transient 'classRedefinedCount' 'I' @12  0 (0x00000000)
 - injected 'klass' 'J' @16  2394513375232 (0x0000022d841e8000)
 - injected 'array_klass' 'J' @24  0 (0x0000000000000000)
 - injected 'oop_size' 'I' @32  15 (0x0000000f)
 - injected 'static_oop_field_count' 'I' @36  1 (0x00000001)
 - private volatile transient 'cachedConstructor' 'Ljava/lang/reflect/Constructor;' @40  null (0x00000000)
 - private transient 'name' 'Ljava/lang/String;' @44  null (0x00000000)
 - private transient 'module' 'Ljava/lang/Module;' @48  a 'java/lang/Module'{0x00000007052a1f48} (0xe0a543e9)
 - private final 'classLoader' 'Ljava/lang/ClassLoader;' @52  null (0x00000000)
 - private transient 'classData' 'Ljava/lang/Object;' @56  a 'java/lang/invoke/LambdaForm'{0x000000070581d648} => a 'java/lang/invoke/MemberName'{0x00000007058200e8} = {method} {0x0000022dc4c58288} 'invokeVirtual' '(Ljava/lang/Object;Ljava/lang/Object;Ljava/lang/Object;)Ljava/lang/Object;' in 'java/lang/invoke/LambdaForm$DMH+0x0000022d841e8000' (0xe0b03ac9)
 - private transient 'packageName' 'Ljava/lang/String;' @60  null (0x00000000)
 - private final 'componentType' 'Ljava/lang/Class;' @64  null (0x00000000)
 - private volatile transient 'reflectionData' 'Ljava/lang/ref/SoftReference;' @68  null (0x00000000)
 - private volatile transient 'genericInfo' 'Lsun/reflect/generics/repository/ClassRepository;' @72  null (0x00000000)
 - private volatile transient 'enumConstants' '[Ljava/lang/Object;' @76  null (0x00000000)
 - private volatile transient 'enumConstantDirectory' 'Ljava/util/Map;' @80  null (0x00000000)
 - private volatile transient 'annotationData' 'Ljava/lang/Class$AnnotationData;' @84  null (0x00000000)
 - private volatile transient 'annotationType' 'Lsun/reflect/annotation/AnnotationType;' @88  null (0x00000000)
 - transient 'classValueMap' 'Ljava/lang/ClassValue$ClassValueMap;' @92  null (0x00000000)
 - injected 'protection_domain' 'Ljava/lang/Object;' @96  null (0x00000000)
 - injected 'signers_name' 'Ljava/lang/Object;' @100  null (0x00000000)
 - injected 'source_file' 'Ljava/lang/Object;' @104  null (0x00000000)
 - injected '<init_lock>' 'Ljava/lang/Object;' @108  null (0x00000000)
 - signature: Ljava/lang/invoke/LambdaForm$DMH+0x0000022d841e8000;
 - ---- static fields (1):
 - static final '_D_0' 'Ljava/lang/invoke/LambdaForm;' @112  a 'java/lang/invoke/LambdaForm'{0x000000070581d648} => a 'java/lang/invoke/MemberName'{0x00000007058200e8} = {method} {0x0000022dc4c58288} 'invokeVirtual' '(Ljava/lang/Object;Ljava/lang/Object;Ljava/lang/Object;)Ljava/lang/Object;' in 'java/lang/invoke/LambdaForm$DMH+0x0000022d841e8000' (0xe0b03ac9)

MethodHandle::interpreter_entry::_linkToVirtual [0x0000022df7b00f63, 0x0000022df7b00fca] (103 bytes)
[MachCode]
  0x0000022df7b00f63: 6666 660f | 1f84 0000 | 0000 0066 | 6666 9066 | 660f 1f84 | 0000 0000 | 0066 6666 | 9048 8b53 
  0x0000022df7b00f83: 080f b752 | 2e48 8b0c | d458 5b50 | 448b 5108 | 49bb 0000 | 0083 2d02 | 0000 4d03 | d34c 8b5b 
  0x0000022df7b00fa3: 104b 8b9c | dac0 0100 | 0048 85db | 0f84 1000 | 0000 4180 | bfd8 0500 | 0000 7403 | ff63 38ff 
  0x0000022df7b00fc3: 6350 e936 | 
[/MachCode]

---------------  P R O C E S S  ---------------

Threads class SMR info:
_java_thread_list=0x0000022dcacc6510, length=45, elements={
0x0000022d82aa0060, 0x0000022d82aa1250, 0x0000022d82aa26a0, 0x0000022d82aa3220,
0x0000022d82aa4670, 0x0000022d82aa50c0, 0x0000022d82aa7cc0, 0x0000022d821efdd0,
0x0000022d82c438b0, 0x0000022d82c4e0a0, 0x0000022d82c54c70, 0x0000022dc83cfac0,
0x0000022dc85e24d0, 0x0000022dc85e5c60, 0x0000022dc85f5090, 0x0000022dc8a2e8c0,
0x0000022dc8a70d80, 0x0000022dc8af0850, 0x0000022dcbaf2e80, 0x0000022dcbaf0090,
0x0000022dcbe539a0, 0x0000022dc8aefb30, 0x0000022dcbe4fe90, 0x0000022dcbe525f0,
0x0000022dcbe4d0a0, 0x0000022dcbe52c80, 0x0000022dcbe4f170, 0x0000022dcbe4e450,
0x0000022dcbe4eae0, 0x0000022dcbe518d0, 0x0000022dcbe4f800, 0x0000022dcbe50520,
0x0000022dcbaf2160, 0x0000022dcbaf0720, 0x0000022dcbaf27f0, 0x0000022dcbaf0db0,
0x0000022dcbaf1ad0, 0x0000022dcbaf1440, 0x0000022dcbaf3510, 0x0000022dc8aeee10,
0x0000022dc8af1570, 0x0000022dcbe51240, 0x0000022dcbe51f60, 0x0000022dcbe4ddc0,
0x0000022dcbe53310
}

Java Threads: ( => current thread )
  0x0000022d82aa0060 JavaThread "Reference Handler"          daemon [_thread_blocked, id=22312, stack(0x000000e776700000,0x000000e776800000) (1024K)]
  0x0000022d82aa1250 JavaThread "Finalizer"                  daemon [_thread_blocked, id=30508, stack(0x000000e776800000,0x000000e776900000) (1024K)]
  0x0000022d82aa26a0 JavaThread "Signal Dispatcher"          daemon [_thread_blocked, id=26200, stack(0x000000e776900000,0x000000e776a00000) (1024K)]
  0x0000022d82aa3220 JavaThread "Attach Listener"            daemon [_thread_blocked, id=36520, stack(0x000000e776a00000,0x000000e776b00000) (1024K)]
  0x0000022d82aa4670 JavaThread "Service Thread"             daemon [_thread_blocked, id=20488, stack(0x000000e776b00000,0x000000e776c00000) (1024K)]
  0x0000022d82aa50c0 JavaThread "Monitor Deflation Thread"   daemon [_thread_blocked, id=30288, stack(0x000000e776c00000,0x000000e776d00000) (1024K)]
  0x0000022d82aa7cc0 JavaThread "C1 CompilerThread0"         daemon [_thread_blocked, id=25592, stack(0x000000e776d00000,0x000000e776e00000) (1024K)]
  0x0000022d821efdd0 JavaThread "Common-Cleaner"             daemon [_thread_blocked, id=32128, stack(0x000000e776e00000,0x000000e776f00000) (1024K)]
  0x0000022d82c438b0 JavaThread "JDWP Transport Listener: dt_socket" daemon [_thread_blocked, id=26668, stack(0x000000e777200000,0x000000e777300000) (1024K)]
  0x0000022d82c4e0a0 JavaThread "JDWP Event Helper Thread"   daemon [_thread_blocked, id=25092, stack(0x000000e777300000,0x000000e777400000) (1024K)]
  0x0000022d82c54c70 JavaThread "JDWP Command Reader"        daemon [_thread_in_native, id=28548, stack(0x000000e777400000,0x000000e777500000) (1024K)]
  0x0000022dc83cfac0 JavaThread "Notification Thread"        daemon [_thread_blocked, id=27728, stack(0x000000e777500000,0x000000e777600000) (1024K)]
  0x0000022dc85e24d0 JavaThread "RMI TCP Accept-0"           daemon [_thread_in_native, id=14908, stack(0x000000e777d00000,0x000000e777e00000) (1024K)]
  0x0000022dc85e5c60 JavaThread "RMI TCP Accept-63995"       daemon [_thread_in_native, id=26008, stack(0x000000e777e00000,0x000000e777f00000) (1024K)]
  0x0000022dc85f5090 JavaThread "RMI TCP Accept-0"           daemon [_thread_in_native, id=12748, stack(0x000000e777f00000,0x000000e778000000) (1024K)]
  0x0000022dc8a2e8c0 JavaThread "RMI Scheduler(0)"           daemon [_thread_blocked, id=31368, stack(0x000000e778300000,0x000000e778400000) (1024K)]
  0x0000022dc8a70d80 JavaThread "JMX server connection timeout 40" daemon [_thread_blocked, id=14796, stack(0x000000e778500000,0x000000e778600000) (1024K)]
  0x0000022dc8af0850 JavaThread "mysql-cj-abandoned-connection-cleanup" daemon [_thread_blocked, id=6648, stack(0x000000e778d00000,0x000000e778e00000) (1024K)]
  0x0000022dcbaf2e80 JavaThread "Live Reload Server"         daemon [_thread_in_native, id=14084, stack(0x000000e779200000,0x000000e779300000) (1024K)]
  0x0000022dcbaf0090 JavaThread "spectator-gauge-polling-0"  daemon [_thread_blocked, id=19956, stack(0x000000e779400000,0x000000e779500000) (1024K)]
  0x0000022dcbe539a0 JavaThread "DestroyJavaVM"                     [_thread_blocked, id=20068, stack(0x000000e775f00000,0x000000e776000000) (1024K)]
  0x0000022dc8aefb30 JavaThread "RMI TCP Connection(idle)"   daemon [_thread_blocked, id=29516, stack(0x000000e775d00000,0x000000e775e00000) (1024K)]
  0x0000022dcbe4fe90 JavaThread "Catalina-utility-1"                [_thread_blocked, id=34616, stack(0x000000e776f00000,0x000000e777000000) (1024K)]
  0x0000022dcbe525f0 JavaThread "Catalina-utility-2"                [_thread_blocked, id=5172, stack(0x000000e777000000,0x000000e777100000) (1024K)]
  0x0000022dcbe4d0a0 JavaThread "container-0"                       [_thread_blocked, id=21628, stack(0x000000e777100000,0x000000e777200000) (1024K)]
  0x0000022dcbe52c80 JavaThread "HikariPool-6:housekeeper"   daemon [_thread_blocked, id=19852, stack(0x000000e778400000,0x000000e778500000) (1024K)]
  0x0000022dcbe4f170 JavaThread "AsyncResolver-bootstrap-%d" daemon [_thread_blocked, id=15984, stack(0x000000e778b00000,0x000000e778c00000) (1024K)]
  0x0000022dcbe4e450 JavaThread "DiscoveryClient-%d"         daemon [_thread_blocked, id=14024, stack(0x000000e778c00000,0x000000e778d00000) (1024K)]
  0x0000022dcbe4eae0 JavaThread "DiscoveryClient-%d"         daemon [_thread_blocked, id=26868, stack(0x000000e778f00000,0x000000e779000000) (1024K)]
  0x0000022dcbe518d0 JavaThread "DiscoveryClient-InstanceInfoReplicator-%d" daemon [_thread_blocked, id=29356, stack(0x000000e779000000,0x000000e779100000) (1024K)]
  0x0000022dcbe4f800 JavaThread "http-nio-8080-exec-1"       daemon [_thread_blocked, id=1088, stack(0x000000e779100000,0x000000e779200000) (1024K)]
  0x0000022dcbe50520 JavaThread "http-nio-8080-exec-2"       daemon [_thread_blocked, id=10276, stack(0x000000e779300000,0x000000e779400000) (1024K)]
  0x0000022dcbaf2160 JavaThread "http-nio-8080-exec-3"       daemon [_thread_blocked, id=11120, stack(0x000000e779500000,0x000000e779600000) (1024K)]
  0x0000022dcbaf0720 JavaThread "http-nio-8080-exec-4"       daemon [_thread_blocked, id=21132, stack(0x000000e779600000,0x000000e779700000) (1024K)]
  0x0000022dcbaf27f0 JavaThread "http-nio-8080-exec-5"       daemon [_thread_blocked, id=12328, stack(0x000000e779700000,0x000000e779800000) (1024K)]
  0x0000022dcbaf0db0 JavaThread "http-nio-8080-exec-6"       daemon [_thread_blocked, id=6004, stack(0x000000e779800000,0x000000e779900000) (1024K)]
  0x0000022dcbaf1ad0 JavaThread "http-nio-8080-exec-7"       daemon [_thread_blocked, id=2288, stack(0x000000e779900000,0x000000e779a00000) (1024K)]
  0x0000022dcbaf1440 JavaThread "http-nio-8080-exec-8"       daemon [_thread_blocked, id=29372, stack(0x000000e779a00000,0x000000e779b00000) (1024K)]
  0x0000022dcbaf3510 JavaThread "http-nio-8080-exec-9"       daemon [_thread_blocked, id=37332, stack(0x000000e779b00000,0x000000e779c00000) (1024K)]
=>0x0000022dc8aeee10 JavaThread "http-nio-8080-exec-10"      daemon [_thread_in_Java, id=12600, stack(0x000000e779c00000,0x000000e779d00000) (1024K)]
  0x0000022dc8af1570 JavaThread "http-nio-8080-Poller"       daemon [_thread_in_native, id=20584, stack(0x000000e779d00000,0x000000e779e00000) (1024K)]
  0x0000022dcbe51240 JavaThread "DiscoveryClient-HeartbeatExecutor-%d" daemon [_thread_blocked, id=37856, stack(0x000000e775c00000,0x000000e775d00000) (1024K)]
  0x0000022dcbe51f60 JavaThread "DiscoveryClient-CacheRefreshExecutor-%d" daemon [_thread_blocked, id=16540, stack(0x000000e778600000,0x000000e778700000) (1024K)]
  0x0000022dcbe4ddc0 JavaThread "Thread-33"                         [_thread_blocked, id=31660, stack(0x000000e775e00000,0x000000e775f00000) (1024K)]
  0x0000022dcbe53310 JavaThread "tomcat-shutdown"                   [_thread_blocked, id=21088, stack(0x000000e778200000,0x000000e778300000) (1024K)]
Total: 45

Other Threads:
  0x0000022d82a82830 VMThread "VM Thread"                           [id=21792, stack(0x000000e776600000,0x000000e776700000) (1024K)]
  0x0000022df41705f0 WatcherThread "VM Periodic Task Thread"        [id=34548, stack(0x000000e776500000,0x000000e776600000) (1024K)]
  0x0000022df41d9800 WorkerThread "GC Thread#0"                     [id=37512, stack(0x000000e776000000,0x000000e776100000) (1024K)]
  0x0000022dc846d800 WorkerThread "GC Thread#1"                     [id=7316, stack(0x000000e777600000,0x000000e777700000) (1024K)]
  0x0000022dc846dba0 WorkerThread "GC Thread#2"                     [id=22596, stack(0x000000e777700000,0x000000e777800000) (1024K)]
  0x0000022dc8471f50 WorkerThread "GC Thread#3"                     [id=26804, stack(0x000000e777800000,0x000000e777900000) (1024K)]
  0x0000022dc8472b10 WorkerThread "GC Thread#4"                     [id=5156, stack(0x000000e777900000,0x000000e777a00000) (1024K)]
  0x0000022dc84732c0 WorkerThread "GC Thread#5"                     [id=32036, stack(0x000000e777a00000,0x000000e777b00000) (1024K)]
  0x0000022dc84956a0 WorkerThread "GC Thread#6"                     [id=24568, stack(0x000000e777b00000,0x000000e777c00000) (1024K)]
  0x0000022dc8495a40 WorkerThread "GC Thread#7"                     [id=24004, stack(0x000000e777c00000,0x000000e777d00000) (1024K)]
  0x0000022dc8946a60 WorkerThread "GC Thread#8"                     [id=6536, stack(0x000000e778000000,0x000000e778100000) (1024K)]
  0x0000022dc8947540 WorkerThread "GC Thread#9"                     [id=16516, stack(0x000000e778100000,0x000000e778200000) (1024K)]
  0x0000022df41eb0b0 ConcurrentGCThread "G1 Main Marker"            [id=2632, stack(0x000000e776100000,0x000000e776200000) (1024K)]
  0x0000022df41eb960 WorkerThread "G1 Conc#0"                       [id=13964, stack(0x000000e776200000,0x000000e776300000) (1024K)]
  0x0000022dc8945be0 WorkerThread "G1 Conc#1"                       [id=34744, stack(0x000000e778900000,0x000000e778a00000) (1024K)]
  0x0000022dc8946320 WorkerThread "G1 Conc#2"                       [id=34100, stack(0x000000e778a00000,0x000000e778b00000) (1024K)]
  0x0000022d820be370 ConcurrentGCThread "G1 Refine#0"               [id=3500, stack(0x000000e776300000,0x000000e776400000) (1024K)]
  0x0000022d820c0ba0 ConcurrentGCThread "G1 Service"                [id=14300, stack(0x000000e776400000,0x000000e776500000) (1024K)]
Total: 18

Threads with active compile tasks:
Total: 0

VM state: not at safepoint (normal execution)

VM Mutex/Monitor currently owned by a thread: None

Heap address: 0x0000000704e00000, size: 4018 MB, Compressed Oops mode: Zero based, Oop shift amount: 3

CDS archive(s) mapped at: [0x0000022d83000000-0x0000022d83c80000-0x0000022d83c80000), size 13107200, SharedBaseAddress: 0x0000022d83000000, ArchiveRelocationMode: 1.
Compressed class space mapped at: 0x0000022d84000000-0x0000022dc4000000, reserved size: 1073741824
Narrow klass base: 0x0000022d83000000, Narrow klass shift: 0, Narrow klass range: 0x100000000

GC Precious Log:
 CardTable entry size: 512
 Card Set container configuration: InlinePtr #cards 4 size 8 Array Of Cards #cards 16 size 48 Howl #buckets 8 coarsen threshold 3686 Howl Bitmap #cards 512 size 80 coarsen threshold 460 Card regions per heap region 1 cards per card region 4096
 CPUs: 12 total, 12 available
 Memory: 16068M
 Large Page Support: Disabled
 NUMA Support: Disabled
 Compressed Oops: Enabled (Zero based)
 Heap Region Size: 2M
 Heap Min Capacity: 8M
 Heap Initial Capacity: 252M
 Heap Max Capacity: 4018M
 Pre-touch: Disabled
 Parallel Workers: 10
 Concurrent Workers: 3
 Concurrent Refinement Workers: 10
 Periodic GC: Disabled

Heap:
 garbage-first heap   total 143360K, used 86399K [0x0000000704e00000, 0x0000000800000000)
  region size 2048K, 25 young (51200K), 3 survivors (6144K)
 Metaspace       used 86117K, committed 86976K, reserved 1179648K
  class space    used 11978K, committed 12416K, reserved 1048576K

Heap Regions: E=young(eden), S=young(survivor), O=old, HS=humongous(starts), HC=humongous(continues), CS=collection set, F=free, TAMS=top-at-mark-start, PB=parsable bottom
|   0|0x0000000704e00000, 0x0000000705000000, 0x0000000705000000|100%| O|  |TAMS 0x0000000704e00000| PB 0x0000000704e00000| Untracked 
|   1|0x0000000705000000, 0x0000000705200000, 0x0000000705200000|100%| O|  |TAMS 0x0000000705000000| PB 0x0000000705000000| Untracked 
|   2|0x0000000705200000, 0x00000007053ffff0, 0x0000000705400000| 99%| O|  |TAMS 0x0000000705200000| PB 0x0000000705200000| Untracked 
|   3|0x0000000705400000, 0x0000000705600000, 0x0000000705600000|100%| O|  |TAMS 0x0000000705400000| PB 0x0000000705400000| Untracked 
|   4|0x0000000705600000, 0x00000007057ffff0, 0x0000000705800000| 99%| O|  |TAMS 0x0000000705600000| PB 0x0000000705600000| Untracked 
|   5|0x0000000705800000, 0x00000007059ffff0, 0x0000000705a00000| 99%| O|  |TAMS 0x0000000705800000| PB 0x0000000705800000| Untracked 
|   6|0x0000000705a00000, 0x0000000705bffff8, 0x0000000705c00000| 99%| O|  |TAMS 0x0000000705a00000| PB 0x0000000705a00000| Untracked 
|   7|0x0000000705c00000, 0x0000000705dffff0, 0x0000000705e00000| 99%| O|  |TAMS 0x0000000705c00000| PB 0x0000000705c00000| Untracked 
|   8|0x0000000705e00000, 0x0000000705ffffd8, 0x0000000706000000| 99%| O|  |TAMS 0x0000000705e00000| PB 0x0000000705e00000| Untracked 
|   9|0x0000000706000000, 0x00000007061fffc8, 0x0000000706200000| 99%| O|  |TAMS 0x0000000706000000| PB 0x0000000706000000| Untracked 
|  10|0x0000000706200000, 0x00000007063fffc8, 0x0000000706400000| 99%| O|  |TAMS 0x0000000706200000| PB 0x0000000706200000| Untracked 
|  11|0x0000000706400000, 0x0000000706600000, 0x0000000706600000|100%| O|  |TAMS 0x0000000706400000| PB 0x0000000706400000| Untracked 
|  12|0x0000000706600000, 0x00000007067ffff0, 0x0000000706800000| 99%| O|  |TAMS 0x0000000706600000| PB 0x0000000706600000| Untracked 
|  13|0x0000000706800000, 0x000000070698e230, 0x0000000706a00000| 77%| O|  |TAMS 0x0000000706800000| PB 0x0000000706800000| Untracked 
|  14|0x0000000706a00000, 0x0000000706bfffd8, 0x0000000706c00000| 99%| O|  |TAMS 0x0000000706a00000| PB 0x0000000706a00000| Untracked 
|  15|0x0000000706c00000, 0x0000000706dfffe0, 0x0000000706e00000| 99%| O|  |TAMS 0x0000000706c00000| PB 0x0000000706c00000| Untracked 
|  16|0x0000000706e00000, 0x0000000706fe99b0, 0x0000000707000000| 95%| O|  |TAMS 0x0000000706e00000| PB 0x0000000706e00000| Untracked 
|  17|0x0000000707000000, 0x00000007071c0bf0, 0x0000000707200000| 87%| O|  |TAMS 0x0000000707000000| PB 0x0000000707000000| Untracked 
|  18|0x0000000707200000, 0x0000000707303a28, 0x0000000707400000| 50%| O|  |TAMS 0x0000000707200000| PB 0x0000000707200000| Untracked 
|  19|0x0000000707400000, 0x0000000707400000, 0x0000000707600000|  0%| F|  |TAMS 0x0000000707400000| PB 0x0000000707400000| Untracked 
|  20|0x0000000707600000, 0x00000007076f3450, 0x0000000707800000| 47%| O|  |TAMS 0x0000000707600000| PB 0x0000000707600000| Untracked 
|  21|0x0000000707800000, 0x000000070789ace0, 0x0000000707a00000| 30%| O|Cm|TAMS 0x0000000707800000| PB 0x0000000707800000| Complete 
|  22|0x0000000707a00000, 0x0000000707a00000, 0x0000000707c00000|  0%| F|  |TAMS 0x0000000707a00000| PB 0x0000000707a00000| Untracked 
|  23|0x0000000707c00000, 0x0000000707c00000, 0x0000000707e00000|  0%| F|  |TAMS 0x0000000707c00000| PB 0x0000000707c00000| Untracked 
|  24|0x0000000707e00000, 0x0000000707e00000, 0x0000000708000000|  0%| F|  |TAMS 0x0000000707e00000| PB 0x0000000707e00000| Untracked 
|  25|0x0000000708000000, 0x0000000708000000, 0x0000000708200000|  0%| F|  |TAMS 0x0000000708000000| PB 0x0000000708000000| Untracked 
|  26|0x0000000708200000, 0x0000000708200000, 0x0000000708400000|  0%| F|  |TAMS 0x0000000708200000| PB 0x0000000708200000| Untracked 
|  27|0x0000000708400000, 0x0000000708400000, 0x0000000708600000|  0%| F|  |TAMS 0x0000000708400000| PB 0x0000000708400000| Untracked 
|  28|0x0000000708600000, 0x0000000708600000, 0x0000000708800000|  0%| F|  |TAMS 0x0000000708600000| PB 0x0000000708600000| Untracked 
|  29|0x0000000708800000, 0x0000000708800000, 0x0000000708a00000|  0%| F|  |TAMS 0x0000000708800000| PB 0x0000000708800000| Untracked 
|  30|0x0000000708a00000, 0x0000000708a00000, 0x0000000708c00000|  0%| F|  |TAMS 0x0000000708a00000| PB 0x0000000708a00000| Untracked 
|  31|0x0000000708c00000, 0x0000000708c95c30, 0x0000000708e00000| 29%| S|CS|TAMS 0x0000000708c00000| PB 0x0000000708c00000| Complete 
|  32|0x0000000708e00000, 0x0000000709000000, 0x0000000709000000|100%| S|CS|TAMS 0x0000000708e00000| PB 0x0000000708e00000| Complete 
|  33|0x0000000709000000, 0x0000000709200000, 0x0000000709200000|100%| S|CS|TAMS 0x0000000709000000| PB 0x0000000709000000| Complete 
|  34|0x0000000709200000, 0x0000000709200000, 0x0000000709400000|  0%| F|  |TAMS 0x0000000709200000| PB 0x0000000709200000| Untracked 
|  35|0x0000000709400000, 0x0000000709400000, 0x0000000709600000|  0%| F|  |TAMS 0x0000000709400000| PB 0x0000000709400000| Untracked 
|  36|0x0000000709600000, 0x0000000709600000, 0x0000000709800000|  0%| F|  |TAMS 0x0000000709600000| PB 0x0000000709600000| Untracked 
|  37|0x0000000709800000, 0x0000000709800000, 0x0000000709a00000|  0%| F|  |TAMS 0x0000000709800000| PB 0x0000000709800000| Untracked 
|  38|0x0000000709a00000, 0x0000000709a00000, 0x0000000709c00000|  0%| F|  |TAMS 0x0000000709a00000| PB 0x0000000709a00000| Untracked 
|  39|0x0000000709c00000, 0x0000000709c00000, 0x0000000709e00000|  0%| F|  |TAMS 0x0000000709c00000| PB 0x0000000709c00000| Untracked 
|  40|0x0000000709e00000, 0x0000000709e00000, 0x000000070a000000|  0%| F|  |TAMS 0x0000000709e00000| PB 0x0000000709e00000| Untracked 
|  41|0x000000070a000000, 0x000000070a000000, 0x000000070a200000|  0%| F|  |TAMS 0x000000070a000000| PB 0x000000070a000000| Untracked 
|  42|0x000000070a200000, 0x000000070a200000, 0x000000070a400000|  0%| F|  |TAMS 0x000000070a200000| PB 0x000000070a200000| Untracked 
|  43|0x000000070a400000, 0x000000070a400000, 0x000000070a600000|  0%| F|  |TAMS 0x000000070a400000| PB 0x000000070a400000| Untracked 
|  44|0x000000070a600000, 0x000000070a600000, 0x000000070a800000|  0%| F|  |TAMS 0x000000070a600000| PB 0x000000070a600000| Untracked 
|  45|0x000000070a800000, 0x000000070a800000, 0x000000070aa00000|  0%| F|  |TAMS 0x000000070a800000| PB 0x000000070a800000| Untracked 
|  46|0x000000070aa00000, 0x000000070aa00000, 0x000000070ac00000|  0%| F|  |TAMS 0x000000070aa00000| PB 0x000000070aa00000| Untracked 
|  47|0x000000070ac00000, 0x000000070ac00000, 0x000000070ae00000|  0%| F|  |TAMS 0x000000070ac00000| PB 0x000000070ac00000| Untracked 
|  48|0x000000070ae00000, 0x000000070ae99a40, 0x000000070b000000| 30%| E|  |TAMS 0x000000070ae00000| PB 0x000000070ae00000| Complete 
|  49|0x000000070b000000, 0x000000070b200000, 0x000000070b200000|100%| E|CS|TAMS 0x000000070b000000| PB 0x000000070b000000| Complete 
|  50|0x000000070b200000, 0x000000070b400000, 0x000000070b400000|100%| E|CS|TAMS 0x000000070b200000| PB 0x000000070b200000| Complete 
|  51|0x000000070b400000, 0x000000070b600000, 0x000000070b600000|100%| E|CS|TAMS 0x000000070b400000| PB 0x000000070b400000| Complete 
|  52|0x000000070b600000, 0x000000070b800000, 0x000000070b800000|100%| E|CS|TAMS 0x000000070b600000| PB 0x000000070b600000| Complete 
|  53|0x000000070b800000, 0x000000070ba00000, 0x000000070ba00000|100%| E|CS|TAMS 0x000000070b800000| PB 0x000000070b800000| Complete 
|  54|0x000000070ba00000, 0x000000070bc00000, 0x000000070bc00000|100%| E|CS|TAMS 0x000000070ba00000| PB 0x000000070ba00000| Complete 
|  55|0x000000070bc00000, 0x000000070be00000, 0x000000070be00000|100%| E|CS|TAMS 0x000000070bc00000| PB 0x000000070bc00000| Complete 
|  56|0x000000070be00000, 0x000000070c000000, 0x000000070c000000|100%| E|CS|TAMS 0x000000070be00000| PB 0x000000070be00000| Complete 
|  57|0x000000070c000000, 0x000000070c200000, 0x000000070c200000|100%| E|CS|TAMS 0x000000070c000000| PB 0x000000070c000000| Complete 
|  58|0x000000070c200000, 0x000000070c400000, 0x000000070c400000|100%| E|CS|TAMS 0x000000070c200000| PB 0x000000070c200000| Complete 
|  59|0x000000070c400000, 0x000000070c600000, 0x000000070c600000|100%| E|CS|TAMS 0x000000070c400000| PB 0x000000070c400000| Complete 
|  60|0x000000070c600000, 0x000000070c800000, 0x000000070c800000|100%| E|CS|TAMS 0x000000070c600000| PB 0x000000070c600000| Complete 
|  61|0x000000070c800000, 0x000000070ca00000, 0x000000070ca00000|100%| E|CS|TAMS 0x000000070c800000| PB 0x000000070c800000| Complete 
|  62|0x000000070ca00000, 0x000000070cc00000, 0x000000070cc00000|100%| E|CS|TAMS 0x000000070ca00000| PB 0x000000070ca00000| Complete 
|  63|0x000000070cc00000, 0x000000070ce00000, 0x000000070ce00000|100%| E|CS|TAMS 0x000000070cc00000| PB 0x000000070cc00000| Complete 
|  64|0x000000070ce00000, 0x000000070d000000, 0x000000070d000000|100%| E|CS|TAMS 0x000000070ce00000| PB 0x000000070ce00000| Complete 
|  65|0x000000070d000000, 0x000000070d200000, 0x000000070d200000|100%| E|CS|TAMS 0x000000070d000000| PB 0x000000070d000000| Complete 
|  66|0x000000070d200000, 0x000000070d400000, 0x000000070d400000|100%| E|CS|TAMS 0x000000070d200000| PB 0x000000070d200000| Complete 
|  67|0x000000070d400000, 0x000000070d600000, 0x000000070d600000|100%| E|CS|TAMS 0x000000070d400000| PB 0x000000070d400000| Complete 
|  68|0x000000070d600000, 0x000000070d800000, 0x000000070d800000|100%| E|CS|TAMS 0x000000070d600000| PB 0x000000070d600000| Complete 
|  69|0x000000070d800000, 0x000000070da00000, 0x000000070da00000|100%| E|CS|TAMS 0x000000070d800000| PB 0x000000070d800000| Complete 

Card table byte_map: [0x0000022dfb5f0000,0x0000022dfbdd0000] _byte_map_base: 0x0000022df7dc9000

Marking Bits: (CMBitMap*) 0x0000022df41d9cb0
 Bits: [0x0000022dfbdd0000, 0x0000022dffc98000)

Polling page: 0x0000022df38f0000

Metaspace:

Usage:
  Non-class:     72.40 MB used.
      Class:     11.70 MB used.
       Both:     84.10 MB used.

Virtual space:
  Non-class space:      128.00 MB reserved,      72.81 MB ( 57%) committed,  2 nodes.
      Class space:        1.00 GB reserved,      12.12 MB (  1%) committed,  1 nodes.
             Both:        1.12 GB reserved,      84.94 MB (  7%) committed. 

Chunk freelists:
   Non-Class:  7.19 MB
       Class:  3.78 MB
        Both:  10.97 MB

MaxMetaspaceSize: unlimited
CompressedClassSpaceSize: 1.00 GB
Initial GC threshold: 21.00 MB
Current GC threshold: 141.19 MB
CDS: on
 - commit_granule_bytes: 65536.
 - commit_granule_words: 8192.
 - virtual_space_node_default_size: 8388608.
 - enlarge_chunks_in_place: 1.
 - use_allocation_guard: 0.


Internal statistics:

num_allocs_failed_limit: 9.
num_arena_births: 1822.
num_arena_deaths: 684.
num_vsnodes_births: 3.
num_vsnodes_deaths: 0.
num_space_committed: 1359.
num_space_uncommitted: 0.
num_chunks_returned_to_freelist: 787.
num_chunks_taken_from_freelist: 5101.
num_chunk_merges: 180.
num_chunk_splits: 3378.
num_chunks_enlarged: 2568.
num_inconsistent_stats: 0.

CodeCache: size=49152Kb used=17933Kb max_used=18439Kb free=31218Kb
 bounds [0x0000022df7ad0000, 0x0000022df8d40000, 0x0000022dfaad0000]
 total_blobs=9739 nmethods=8979 adapters=682
 compilation: enabled
              stopped_count=0, restarted_count=0
 full_count=0

Compilation events (20 events):
Event: 813.535 Thread 0x0000022d82aa7cc0 12080       1       org.apache.hc.client5.http.HttpRoute::getTargetHost (5 bytes)
Event: 813.535 Thread 0x0000022d82aa7cc0 nmethod 12080 0x0000022df8c21510 code [0x0000022df8c216a0, 0x0000022df8c21770]
Event: 813.553 Thread 0x0000022d82aa7cc0 12083       1       org.springframework.http.HttpStatusCode$$Lambda/0x0000022d84b15f18::<init> (10 bytes)
Event: 813.553 Thread 0x0000022d82aa7cc0 nmethod 12083 0x0000022df8c21210 code [0x0000022df8c213a0, 0x0000022df8c21468]
Event: 813.553 Thread 0x0000022d82aa7cc0 12084       1       org.apache.hc.core5.http.message.HeaderGroup::getHeaders (96 bytes)
Event: 813.553 Thread 0x0000022d82aa7cc0 nmethod 12084 0x0000022df8c20990 code [0x0000022df8c20ba0, 0x0000022df8c21018]
Event: 813.553 Thread 0x0000022d82aa7cc0 12082       1       org.springframework.http.HttpStatusCode::valueOf (47 bytes)
Event: 813.554 Thread 0x0000022d82aa7cc0 nmethod 12082 0x0000022df8c20190 code [0x0000022df8c203a0, 0x0000022df8c206e8]
Event: 813.554 Thread 0x0000022d82aa7cc0 12081       1       org.springframework.http.client.HttpComponentsClientHttpResponse::getStatusCode (13 bytes)
Event: 813.554 Thread 0x0000022d82aa7cc0 nmethod 12081 0x0000022df8c1fe10 code [0x0000022df8c1ffc0, 0x0000022df8c200e0]
Event: 837.457 Thread 0x0000022d82aa7cc0 12085       1       java.util.regex.Pattern$Branch::study (162 bytes)
Event: 837.457 Thread 0x0000022d82aa7cc0 nmethod 12085 0x0000022df8c1f790 code [0x0000022df8c1f960, 0x0000022df8c1fc38]
Event: 837.459 Thread 0x0000022d82aa7cc0 12086       1       java.lang.Thread::<init> (311 bytes)
Event: 837.461 Thread 0x0000022d82aa7cc0 nmethod 12086 0x0000022df8c1de10 code [0x0000022df8c1e0e0, 0x0000022df8c1f008]
Event: 837.461 Thread 0x0000022d82aa7cc0 12087       1       java.lang.Thread$FieldHolder::<init> (36 bytes)
Event: 837.462 Thread 0x0000022d82aa7cc0 nmethod 12087 0x0000022df8c1da10 code [0x0000022df8c1dba0, 0x0000022df8c1dd50]
Event: 837.462 Thread 0x0000022d82aa7cc0 12088       1       java.util.ArrayDeque::getLast (33 bytes)
Event: 837.463 Thread 0x0000022d82aa7cc0 nmethod 12088 0x0000022df8c1d510 code [0x0000022df8c1d6c0, 0x0000022df8c1d890]
Event: 837.474 Thread 0x0000022d82aa7cc0 12089       1       java.time.format.DateTimeFormatterBuilder$NanosPrinterParser::stringSize (32 bytes)
Event: 837.475 Thread 0x0000022d82aa7cc0 nmethod 12089 0x0000022df8c1d210 code [0x0000022df8c1d3a0, 0x0000022df8c1d4b0]

GC Heap History (20 events):
Event: 307.443 GC heap before
{Heap before GC invocations=28 (full 2):
 garbage-first heap   total 153600K, used 134763K [0x0000000704e00000, 0x0000000800000000)
  region size 2048K, 42 young (86016K), 0 survivors (0K)
 Metaspace       used 85254K, committed 86144K, reserved 1179648K
  class space    used 11962K, committed 12352K, reserved 1048576K
}
Event: 307.448 GC heap after
{Heap after GC invocations=29 (full 2):
 garbage-first heap   total 153600K, used 48238K [0x0000000704e00000, 0x0000000800000000)
  region size 2048K, 3 young (6144K), 3 survivors (6144K)
 Metaspace       used 85254K, committed 86144K, reserved 1179648K
  class space    used 11962K, committed 12352K, reserved 1048576K
}
Event: 330.308 GC heap before
{Heap before GC invocations=29 (full 2):
 garbage-first heap   total 153600K, used 76910K [0x0000000704e00000, 0x0000000800000000)
  region size 2048K, 18 young (36864K), 3 survivors (6144K)
 Metaspace       used 85391K, committed 86336K, reserved 1179648K
  class space    used 11971K, committed 12416K, reserved 1048576K
}
Event: 330.360 GC heap after
{Heap after GC invocations=30 (full 3):
 garbage-first heap   total 143360K, used 38772K [0x0000000704e00000, 0x0000000800000000)
  region size 2048K, 0 young (0K), 0 survivors (0K)
 Metaspace       used 84925K, committed 86336K, reserved 1179648K
  class space    used 11853K, committed 12416K, reserved 1048576K
}
Event: 330.426 GC heap before
{Heap before GC invocations=30 (full 3):
 garbage-first heap   total 143360K, used 44916K [0x0000000704e00000, 0x0000000800000000)
  region size 2048K, 4 young (8192K), 0 survivors (0K)
 Metaspace       used 84927K, committed 86336K, reserved 1179648K
  class space    used 11853K, committed 12416K, reserved 1048576K
}
Event: 330.428 GC heap after
{Heap after GC invocations=31 (full 3):
 garbage-first heap   total 143360K, used 42319K [0x0000000704e00000, 0x0000000800000000)
  region size 2048K, 1 young (2048K), 1 survivors (2048K)
 Metaspace       used 84927K, committed 86336K, reserved 1179648K
  class space    used 11853K, committed 12416K, reserved 1048576K
}
Event: 332.607 GC heap before
{Heap before GC invocations=32 (full 3):
 garbage-first heap   total 143360K, used 120143K [0x0000000704e00000, 0x0000000800000000)
  region size 2048K, 37 young (75776K), 1 survivors (2048K)
 Metaspace       used 84992K, committed 86336K, reserved 1179648K
  class space    used 11861K, committed 12416K, reserved 1048576K
}
Event: 332.610 GC heap after
{Heap after GC invocations=33 (full 3):
 garbage-first heap   total 172032K, used 43990K [0x0000000704e00000, 0x0000000800000000)
  region size 2048K, 3 young (6144K), 3 survivors (6144K)
 Metaspace       used 84992K, committed 86336K, reserved 1179648K
  class space    used 11861K, committed 12416K, reserved 1048576K
}
Event: 526.155 GC heap before
{Heap before GC invocations=33 (full 3):
 garbage-first heap   total 172032K, used 84950K [0x0000000704e00000, 0x0000000800000000)
  region size 2048K, 24 young (49152K), 3 survivors (6144K)
 Metaspace       used 85292K, committed 86464K, reserved 1179648K
  class space    used 11880K, committed 12416K, reserved 1048576K
}
Event: 526.186 GC heap after
{Heap after GC invocations=34 (full 4):
 garbage-first heap   total 163840K, used 39846K [0x0000000704e00000, 0x0000000800000000)
  region size 2048K, 0 young (0K), 0 survivors (0K)
 Metaspace       used 85289K, committed 86464K, reserved 1179648K
  class space    used 11879K, committed 12416K, reserved 1048576K
}
Event: 526.308 GC heap before
{Heap before GC invocations=34 (full 4):
 garbage-first heap   total 163840K, used 45990K [0x0000000704e00000, 0x0000000800000000)
  region size 2048K, 4 young (8192K), 0 survivors (0K)
 Metaspace       used 85290K, committed 86464K, reserved 1179648K
  class space    used 11880K, committed 12416K, reserved 1048576K
}
Event: 526.309 GC heap after
{Heap after GC invocations=35 (full 4):
 garbage-first heap   total 163840K, used 41753K [0x0000000704e00000, 0x0000000800000000)
  region size 2048K, 1 young (2048K), 1 survivors (2048K)
 Metaspace       used 85290K, committed 86464K, reserved 1179648K
  class space    used 11880K, committed 12416K, reserved 1048576K
}
Event: 527.420 GC heap before
{Heap before GC invocations=36 (full 4):
 garbage-first heap   total 163840K, used 135961K [0x0000000704e00000, 0x0000000800000000)
  region size 2048K, 43 young (88064K), 1 survivors (2048K)
 Metaspace       used 85528K, committed 86528K, reserved 1179648K
  class space    used 11914K, committed 12416K, reserved 1048576K
}
Event: 527.423 GC heap after
{Heap after GC invocations=37 (full 4):
 garbage-first heap   total 163840K, used 47792K [0x0000000704e00000, 0x0000000800000000)
  region size 2048K, 4 young (8192K), 4 survivors (8192K)
 Metaspace       used 85528K, committed 86528K, reserved 1179648K
  class space    used 11914K, committed 12416K, reserved 1048576K
}
Event: 572.626 GC heap before
{Heap before GC invocations=37 (full 4):
 garbage-first heap   total 163840K, used 80560K [0x0000000704e00000, 0x0000000800000000)
  region size 2048K, 21 young (43008K), 4 survivors (8192K)
 Metaspace       used 85834K, committed 86720K, reserved 1179648K
  class space    used 11961K, committed 12416K, reserved 1048576K
}
Event: 572.676 GC heap after
{Heap after GC invocations=38 (full 5):
 garbage-first heap   total 143360K, used 38696K [0x0000000704e00000, 0x0000000800000000)
  region size 2048K, 0 young (0K), 0 survivors (0K)
 Metaspace       used 85730K, committed 86720K, reserved 1179648K
  class space    used 11937K, committed 12416K, reserved 1048576K
}
Event: 572.722 GC heap before
{Heap before GC invocations=38 (full 5):
 garbage-first heap   total 143360K, used 44840K [0x0000000704e00000, 0x0000000800000000)
  region size 2048K, 4 young (8192K), 0 survivors (0K)
 Metaspace       used 85732K, committed 86720K, reserved 1179648K
  class space    used 11938K, committed 12416K, reserved 1048576K
}
Event: 572.724 GC heap after
{Heap after GC invocations=39 (full 5):
 garbage-first heap   total 143360K, used 40624K [0x0000000704e00000, 0x0000000800000000)
  region size 2048K, 1 young (2048K), 1 survivors (2048K)
 Metaspace       used 85732K, committed 86720K, reserved 1179648K
  class space    used 11938K, committed 12416K, reserved 1048576K
}
Event: 573.225 GC heap before
{Heap before GC invocations=40 (full 5):
 garbage-first heap   total 143360K, used 118448K [0x0000000704e00000, 0x0000000800000000)
  region size 2048K, 36 young (73728K), 1 survivors (2048K)
 Metaspace       used 85803K, committed 86720K, reserved 1179648K
  class space    used 11946K, committed 12416K, reserved 1048576K
}
Event: 573.227 GC heap after
{Heap after GC invocations=41 (full 5):
 garbage-first heap   total 143360K, used 43391K [0x0000000704e00000, 0x0000000800000000)
  region size 2048K, 3 young (6144K), 3 survivors (6144K)
 Metaspace       used 85803K, committed 86720K, reserved 1179648K
  class space    used 11946K, committed 12416K, reserved 1048576K
}

Dll operation events (12 events):
Event: 0.090 Loaded shared library D:\CS  software\Softwares-Custom\sts-4.31.0.RELEASE\plugins\org.eclipse.justj.openjdk.hotspot.jre.full.win32.x86_64_21.0.7.v20250502-0916\jre\bin\java.dll
Event: 0.113 Loaded shared library D:\CS  software\Softwares-Custom\sts-4.31.0.RELEASE\plugins\org.eclipse.justj.openjdk.hotspot.jre.full.win32.x86_64_21.0.7.v20250502-0916\jre\bin\zip.dll
Event: 0.400 Loaded shared library D:\CS  software\Softwares-Custom\sts-4.31.0.RELEASE\plugins\org.eclipse.justj.openjdk.hotspot.jre.full.win32.x86_64_21.0.7.v20250502-0916\jre\bin\instrument.dll
Event: 0.405 Loaded shared library D:\CS  software\Softwares-Custom\sts-4.31.0.RELEASE\plugins\org.eclipse.justj.openjdk.hotspot.jre.full.win32.x86_64_21.0.7.v20250502-0916\jre\bin\net.dll
Event: 0.406 Loaded shared library D:\CS  software\Softwares-Custom\sts-4.31.0.RELEASE\plugins\org.eclipse.justj.openjdk.hotspot.jre.full.win32.x86_64_21.0.7.v20250502-0916\jre\bin\nio.dll
Event: 0.409 Loaded shared library D:\CS  software\Softwares-Custom\sts-4.31.0.RELEASE\plugins\org.eclipse.justj.openjdk.hotspot.jre.full.win32.x86_64_21.0.7.v20250502-0916\jre\bin\zip.dll
Event: 0.554 Loaded shared library D:\CS  software\Softwares-Custom\sts-4.31.0.RELEASE\plugins\org.eclipse.justj.openjdk.hotspot.jre.full.win32.x86_64_21.0.7.v20250502-0916\jre\bin\jimage.dll
Event: 0.588 Loaded shared library D:\CS  software\Softwares-Custom\sts-4.31.0.RELEASE\plugins\org.eclipse.justj.openjdk.hotspot.jre.full.win32.x86_64_21.0.7.v20250502-0916\jre\bin\management.dll
Event: 0.594 Loaded shared library D:\CS  software\Softwares-Custom\sts-4.31.0.RELEASE\plugins\org.eclipse.justj.openjdk.hotspot.jre.full.win32.x86_64_21.0.7.v20250502-0916\jre\bin\management_ext.dll
Event: 0.739 Loaded shared library D:\CS  software\Softwares-Custom\sts-4.31.0.RELEASE\plugins\org.eclipse.justj.openjdk.hotspot.jre.full.win32.x86_64_21.0.7.v20250502-0916\jre\bin\extnet.dll
Event: 0.759 Loaded shared library D:\CS  software\Softwares-Custom\sts-4.31.0.RELEASE\plugins\org.eclipse.justj.openjdk.hotspot.jre.full.win32.x86_64_21.0.7.v20250502-0916\jre\bin\verify.dll
Event: 1.728 Loaded shared library D:\CS  software\Softwares-Custom\sts-4.31.0.RELEASE\plugins\org.eclipse.justj.openjdk.hotspot.jre.full.win32.x86_64_21.0.7.v20250502-0916\jre\bin\sunmscapi.dll

Deoptimization events (20 events):
Event: 837.456 Thread 0x0000022dcbe53310 DEOPT PACKING pc=0x0000022df80254d9 sp=0x000000e7787fe270
Event: 837.456 Thread 0x0000022dcbe53310 DEOPT UNPACKING pc=0x0000022df7b24e42 sp=0x000000e7787fd6c8 mode 1
Event: 837.456 Thread 0x0000022dcbe53310 DEOPT PACKING pc=0x0000022df80112ac sp=0x000000e7787fe300
Event: 837.456 Thread 0x0000022dcbe53310 DEOPT UNPACKING pc=0x0000022df7b24e42 sp=0x000000e7787fd7a8 mode 1
Event: 837.456 Thread 0x0000022dcbe53310 DEOPT PACKING pc=0x0000022df80b9a94 sp=0x000000e7787fed80
Event: 837.456 Thread 0x0000022dcbe53310 DEOPT UNPACKING pc=0x0000022df7b24e42 sp=0x000000e7787fe248 mode 1
Event: 837.456 Thread 0x0000022dcbe53310 DEOPT PACKING pc=0x0000022df8362ed4 sp=0x000000e7787fee10
Event: 837.456 Thread 0x0000022dcbe53310 DEOPT UNPACKING pc=0x0000022df7b24e42 sp=0x000000e7787fe420 mode 1
Event: 837.456 Thread 0x0000022dcbe53310 DEOPT PACKING pc=0x0000022df7c0113c sp=0x000000e7787ff080
Event: 837.456 Thread 0x0000022dcbe53310 DEOPT UNPACKING pc=0x0000022df7b24e42 sp=0x000000e7787fe540 mode 1
Event: 837.471 Thread 0x0000022dcbe518d0 DEOPT PACKING pc=0x0000022df874881c sp=0x000000e7790fd3b0
Event: 837.471 Thread 0x0000022dcbe518d0 DEOPT UNPACKING pc=0x0000022df7b24e42 sp=0x000000e7790fc868 mode 1
Event: 837.471 Thread 0x0000022dcbe518d0 DEOPT PACKING pc=0x0000022df873a154 sp=0x000000e7790fd460
Event: 837.471 Thread 0x0000022dcbe518d0 DEOPT UNPACKING pc=0x0000022df7b24e42 sp=0x000000e7790fc9a0 mode 1
Event: 837.471 Thread 0x0000022dcbe518d0 DEOPT PACKING pc=0x0000022df87392dc sp=0x000000e7790fd580
Event: 837.471 Thread 0x0000022dcbe518d0 DEOPT UNPACKING pc=0x0000022df7b24e42 sp=0x000000e7790fcac8 mode 1
Event: 837.471 Thread 0x0000022dcbe518d0 DEOPT PACKING pc=0x0000022df87380b4 sp=0x000000e7790fd6a0
Event: 837.471 Thread 0x0000022dcbe518d0 DEOPT UNPACKING pc=0x0000022df7b24e42 sp=0x000000e7790fcb48 mode 1
Event: 837.471 Thread 0x0000022dcbe518d0 DEOPT PACKING pc=0x0000022df873847c sp=0x000000e7790fd700
Event: 837.471 Thread 0x0000022dcbe518d0 DEOPT UNPACKING pc=0x0000022df7b24e42 sp=0x000000e7790fcbd8 mode 1

Classes loaded (20 events):
Event: 97.600 Loading class java/util/stream/LongStream
Event: 97.600 Loading class java/util/stream/LongStream done
Event: 97.600 Loading class java/util/stream/DoubleStream
Event: 97.600 Loading class java/util/stream/DoubleStream done
Event: 97.659 Loading class sun/security/ssl/Alert
Event: 97.660 Loading class sun/security/ssl/Alert done
Event: 97.661 Loading class sun/security/ssl/Alert$AlertConsumer
Event: 97.662 Loading class sun/security/ssl/Alert$AlertConsumer done
Event: 97.662 Loading class sun/security/ssl/Alert$Level
Event: 97.662 Loading class sun/security/ssl/Alert$Level done
Event: 97.666 Loading class sun/net/ConnectionResetException
Event: 97.666 Loading class sun/net/ConnectionResetException done
Event: 100.723 Loading class java/util/WeakHashMap$KeyIterator
Event: 100.723 Loading class java/util/WeakHashMap$KeyIterator done
Event: 100.772 Loading class java/lang/ref/Finalizer$2
Event: 100.772 Loading class java/lang/ref/Finalizer$2 done
Event: 100.772 Loading class java/lang/ref/Finalizer$1
Event: 100.772 Loading class java/lang/ref/Finalizer$1 done
Event: 527.384 Loading class java/time/DurationEditor
Event: 527.384 Loading class java/time/DurationEditor done

Classes unloaded (20 events):
Event: 572.643 Thread 0x0000022d82a82830 Unloading class 0x0000022d849b8000 'java/lang/invoke/LambdaForm$MH+0x0000022d849b8000'
Event: 572.643 Thread 0x0000022d82a82830 Unloading class 0x0000022d849b0c00 'java/lang/invoke/LambdaForm$MH+0x0000022d849b0c00'
Event: 572.643 Thread 0x0000022d82a82830 Unloading class 0x0000022d849b0400 'java/lang/invoke/LambdaForm$MH+0x0000022d849b0400'
Event: 572.643 Thread 0x0000022d82a82830 Unloading class 0x0000022d84550800 'java/lang/invoke/LambdaForm$MH+0x0000022d84550800'
Event: 572.643 Thread 0x0000022d82a82830 Unloading class 0x0000022d84550000 'java/lang/invoke/LambdaForm$MH+0x0000022d84550000'
Event: 572.643 Thread 0x0000022d82a82830 Unloading class 0x0000022d84543000 'java/lang/invoke/LambdaForm$MH+0x0000022d84543000'
Event: 572.643 Thread 0x0000022d82a82830 Unloading class 0x0000022d84542c00 'java/lang/invoke/LambdaForm$MH+0x0000022d84542c00'
Event: 572.643 Thread 0x0000022d82a82830 Unloading class 0x0000022d84541000 'java/lang/invoke/LambdaForm$MH+0x0000022d84541000'
Event: 572.643 Thread 0x0000022d82a82830 Unloading class 0x0000022d84540800 'java/lang/invoke/LambdaForm$MH+0x0000022d84540800'
Event: 572.643 Thread 0x0000022d82a82830 Unloading class 0x0000022d84539800 'java/lang/invoke/LambdaForm$MH+0x0000022d84539800'
Event: 572.643 Thread 0x0000022d82a82830 Unloading class 0x0000022d84538000 'java/lang/invoke/LambdaForm$MH+0x0000022d84538000'
Event: 572.643 Thread 0x0000022d82a82830 Unloading class 0x0000022d844d8c00 'java/lang/invoke/LambdaForm$MH+0x0000022d844d8c00'
Event: 572.643 Thread 0x0000022d82a82830 Unloading class 0x0000022d844b8c00 'java/lang/invoke/LambdaForm$MH+0x0000022d844b8c00'
Event: 572.643 Thread 0x0000022d82a82830 Unloading class 0x0000022d844b5000 'java/lang/invoke/LambdaForm$MH+0x0000022d844b5000'
Event: 572.643 Thread 0x0000022d82a82830 Unloading class 0x0000022d844b4800 'java/lang/invoke/LambdaForm$MH+0x0000022d844b4800'
Event: 572.643 Thread 0x0000022d82a82830 Unloading class 0x0000022d844a1400 'java/lang/invoke/LambdaForm$MH+0x0000022d844a1400'
Event: 572.643 Thread 0x0000022d82a82830 Unloading class 0x0000022d844a0c00 'java/lang/invoke/LambdaForm$MH+0x0000022d844a0c00'
Event: 572.643 Thread 0x0000022d82a82830 Unloading class 0x0000022d84479000 'java/lang/invoke/LambdaForm$MH+0x0000022d84479000'
Event: 572.643 Thread 0x0000022d82a82830 Unloading class 0x0000022d84478400 'java/lang/invoke/LambdaForm$MH+0x0000022d84478400'
Event: 572.643 Thread 0x0000022d82a82830 Unloading class 0x0000022d840c4000 'java/lang/invoke/LambdaForm$MH+0x0000022d840c4000'

Classes redefined (5 events):
Event: 93.356 Thread 0x0000022d82a82830 redefined class name=com.anyspares.app.controller.AppLoginController, count=1
Event: 524.361 Thread 0x0000022d82a82830 redefined class name=com.anyspares.app.controller.AppLoginController, count=1
Event: 524.361 Thread 0x0000022d82a82830 redefined class name=com.anyspares.app.controller.AppLoginController, count=1
Event: 524.361 Thread 0x0000022d82a82830 redefined class name=com.anyspares.app.controller.AppLoginController, count=1
Event: 524.361 Thread 0x0000022d82a82830 redefined class name=com.anyspares.app.controller.AppLoginController, count=2

Internal exceptions (20 events):
Event: 527.655 Thread 0x0000022dcbe4ca10 Exception <a 'java/lang/NoSuchMethodError'{0x000000070d9e56a0}: 'java.lang.Object java.lang.invoke.DelegatingMethodHandle$Holder.reinvoke_L(java.lang.Object, java.lang.Object, java.lang.Object, java.lang.Object, java.lang.Object, java.lang.Object, java.lang.Object, java.lang.Object, java.lang.Object, java.lang.Object, java.lang.Object, java.lang.Object, java.lang.Object, java.lang.Object, java.lang.Object, java.lang.Object, java.lang.Object, java.lang.Object, java.lang.Object, java.lang.Object, java.lang.O
Event: 527.670 Thread 0x0000022dcbe4f800 Exception <a 'java/lang/NoSuchMethodError'{0x000000070d276610}: 'long java.lang.invoke.DelegatingMethodHandle$Holder.reinvoke_L(java.lang.Object, java.lang.Object)'> (0x000000070d276610) 
thrown [s\src\hotspot\share\interpreter\linkResolver.cpp, line 773]
Event: 527.699 Thread 0x0000022dc8af0ee0 Exception <a 'java/lang/NoSuchMethodError'{0x000000070d368e80}: static [B.<clinit>()V> (0x000000070d368e80) 
thrown [s\src\hotspot\share\prims\jni.cpp, line 1111]
Event: 569.592 Thread 0x0000022dcbe52c80 Exception <a 'java/io/IOException'{0x000000070cc9b008}> (0x000000070cc9b008) 
thrown [s\src\hotspot\share\prims\jni.cpp, line 520]
Event: 569.594 Thread 0x0000022dcbe52c80 Exception <a 'java/io/IOException'{0x000000070cc9f7c0}> (0x000000070cc9f7c0) 
thrown [s\src\hotspot\share\prims\jni.cpp, line 520]
Event: 569.594 Thread 0x0000022dcbe52c80 Exception <a 'java/net/SocketException'{0x000000070cca1678}: Connection reset by peer: shutdown> (0x000000070cca1678) 
thrown [s\src\hotspot\share\prims\jni.cpp, line 539]
Event: 569.595 Thread 0x0000022dcbe52c80 Exception <a 'java/io/IOException'{0x000000070cca3f98}> (0x000000070cca3f98) 
thrown [s\src\hotspot\share\prims\jni.cpp, line 520]
Event: 569.595 Thread 0x0000022dcbe52c80 Exception <a 'java/io/IOException'{0x000000070cca5e78}> (0x000000070cca5e78) 
thrown [s\src\hotspot\share\prims\jni.cpp, line 520]
Event: 569.597 Thread 0x0000022dcbe52c80 Exception <a 'java/net/SocketException'{0x000000070cca9018}: Connection reset by peer: shutdown> (0x000000070cca9018) 
thrown [s\src\hotspot\share\prims\jni.cpp, line 539]
Event: 572.625 Thread 0x0000022dcbe51f60 Exception <a 'java/lang/InterruptedException'{0x000000070cd001a0}: sleep interrupted> (0x000000070cd001a0) 
thrown [s\src\hotspot\share\prims\jvm.cpp, line 3074]
Event: 572.688 Thread 0x0000022dcbe51f60 Exception <a 'sun/nio/fs/WindowsException'{0x000000070d8d2ae8}> (0x000000070d8d2ae8) 
thrown [s\src\hotspot\share\prims\jni.cpp, line 520]
Event: 572.962 Thread 0x0000022dcbe51f60 Exception <a 'java/lang/NoClassDefFoundError'{0x000000070aa43770}: org/flywaydb/core/Flyway> (0x000000070aa43770) 
thrown [s\src\hotspot\share\oops\constantPool.cpp, line 873]
Event: 573.070 Thread 0x0000022dcbe51f60 Exception <a 'java/lang/NoClassDefFoundError'{0x000000070aa43dd0}: liquibase/integration/spring/SpringLiquibase> (0x000000070aa43dd0) 
thrown [s\src\hotspot\share\oops\constantPool.cpp, line 873]
Event: 573.074 Thread 0x0000022dcbe51f60 Exception <a 'java/lang/NoClassDefFoundError'{0x000000070aa7bee0}: org/jooq/DSLContext> (0x000000070aa7bee0) 
thrown [s\src\hotspot\share\oops\constantPool.cpp, line 873]
Event: 573.077 Thread 0x0000022dcbe51f60 Exception <a 'java/lang/NoClassDefFoundError'{0x000000070aadc540}: org/springframework/batch/core/repository/JobRepository> (0x000000070aadc540) 
thrown [s\src\hotspot\share\oops\constantPool.cpp, line 873]
Event: 573.078 Thread 0x0000022dcbe51f60 Exception <a 'java/lang/NoClassDefFoundError'{0x000000070aadcb98}: org/quartz/Scheduler> (0x000000070aadcb98) 
thrown [s\src\hotspot\share\oops\constantPool.cpp, line 873]
Event: 573.079 Thread 0x0000022dcbe51f60 Exception <a 'java/lang/NoClassDefFoundError'{0x000000070aadd218}: org/springframework/session/jdbc/JdbcIndexedSessionRepository> (0x000000070aadd218) 
thrown [s\src\hotspot\share\oops\constantPool.cpp, line 873]
Event: 573.117 Thread 0x0000022dcbe51f60 Exception <a 'java/io/FileNotFoundException'{0x000000070a1d03f8}> (0x000000070a1d03f8) 
thrown [s\src\hotspot\share\prims\jni.cpp, line 520]
Event: 573.150 Thread 0x0000022dcbe51f60 Exception <a 'java/io/FileNotFoundException'{0x0000000709df1b58}> (0x0000000709df1b58) 
thrown [s\src\hotspot\share\prims\jni.cpp, line 520]
Event: 729.527 Thread 0x0000022dcbaf1440 Exception <a 'java/lang/NoSuchMethodError'{0x000000070bd0fd78}: 'void java.lang.invoke.DelegatingMethodHandle$Holder.reinvoke_L(java.lang.Object, java.lang.Object, long)'> (0x000000070bd0fd78) 
thrown [s\src\hotspot\share\interpreter\linkResolver.cpp, line 773]

ZGC Phase Switch (0 events):
No events

VM Operations (20 events):
Event: 824.309 Executing VM operation: ChangeSingleStep
Event: 824.309 Executing VM operation: ChangeSingleStep done
Event: 824.311 Executing VM operation: get/set locals
Event: 824.311 Executing VM operation: get/set locals done
Event: 824.313 Executing VM operation: get receiver
Event: 824.313 Executing VM operation: get receiver done
Event: 824.313 Executing VM operation: get receiver
Event: 824.313 Executing VM operation: get receiver done
Event: 824.313 Executing VM operation: ChangeSingleStep
Event: 824.313 Executing VM operation: ChangeSingleStep done
Event: 824.313 Executing VM operation: ChangeSingleStep
Event: 824.313 Executing VM operation: ChangeSingleStep done
Event: 824.321 Executing VM operation: get/set locals
Event: 824.321 Executing VM operation: get/set locals done
Event: 835.826 Executing VM operation: ChangeSingleStep
Event: 835.826 Executing VM operation: ChangeSingleStep done
Event: 835.826 Executing VM operation: ChangeSingleStep
Event: 835.826 Executing VM operation: ChangeSingleStep done
Event: 837.844 Executing VM operation: Cleanup
Event: 837.844 Executing VM operation: Cleanup done

Memory protections (0 events):
No events

Nmethod flushes (20 events):
Event: 572.744 Thread 0x0000022d82a82830 flushing  nmethod 0x0000022df8740210
Event: 572.744 Thread 0x0000022d82a82830 flushing  nmethod 0x0000022df87be590
Event: 572.744 Thread 0x0000022d82a82830 flushing  nmethod 0x0000022df883f010
Event: 572.744 Thread 0x0000022d82a82830 flushing  nmethod 0x0000022df88aa490
Event: 572.744 Thread 0x0000022d82a82830 flushing  nmethod 0x0000022df88c6d10
Event: 572.744 Thread 0x0000022d82a82830 flushing  nmethod 0x0000022df897f290
Event: 572.744 Thread 0x0000022d82a82830 flushing  nmethod 0x0000022df8a4bd10
Event: 572.744 Thread 0x0000022d82a82830 flushing  nmethod 0x0000022df8a4c010
Event: 572.744 Thread 0x0000022d82a82830 flushing  nmethod 0x0000022df8a4f890
Event: 572.744 Thread 0x0000022d82a82830 flushing  nmethod 0x0000022df8a4fd10
Event: 572.744 Thread 0x0000022d82a82830 flushing  nmethod 0x0000022df8a50110
Event: 572.744 Thread 0x0000022d82a82830 flushing  nmethod 0x0000022df8a65e10
Event: 572.744 Thread 0x0000022d82a82830 flushing  nmethod 0x0000022df8a66210
Event: 572.744 Thread 0x0000022d82a82830 flushing  nmethod 0x0000022df8aba610
Event: 572.744 Thread 0x0000022d82a82830 flushing  nmethod 0x0000022df8abca10
Event: 572.744 Thread 0x0000022d82a82830 flushing  nmethod 0x0000022df8adaa90
Event: 572.744 Thread 0x0000022d82a82830 flushing  nmethod 0x0000022df8af7390
Event: 572.744 Thread 0x0000022d82a82830 flushing  nmethod 0x0000022df8b88690
Event: 572.744 Thread 0x0000022d82a82830 flushing  nmethod 0x0000022df8b8a190
Event: 572.744 Thread 0x0000022d82a82830 flushing  nmethod 0x0000022df8bb9990

Events (20 events):
Event: 573.415 Thread 0x0000022dc948ae70 Thread exited: 0x0000022dc948ae70
Event: 574.435 Thread 0x0000022dc9488710 Thread exited: 0x0000022dc9488710
Event: 574.439 Thread 0x0000022dc8aefb30 Thread added: 0x0000022dcbe51f60
Event: 575.469 Thread 0x0000022dcbe51f60 Thread exited: 0x0000022dcbe51f60
Event: 578.715 Thread 0x0000022dcbe51240 Thread exited: 0x0000022dcbe51240
Event: 580.369 Thread 0x0000022dc889ca10 Thread exited: 0x0000022dc889ca10
Event: 596.963 Thread 0x0000022d82aa7cc0 Thread added: 0x0000022dc871f690
Event: 601.971 Thread 0x0000022dc871f690 Thread exited: 0x0000022dc871f690
Event: 603.397 Thread 0x0000022dcbe4eae0 Thread added: 0x0000022dcbe51240
Event: 603.397 Thread 0x0000022dcbe4e450 Thread added: 0x0000022dcbe51f60
Event: 633.411 Thread 0x0000022dcbe4ddc0 Thread exited: 0x0000022dcbe4ddc0
Event: 648.422 Thread 0x0000022dc8af1c00 Thread exited: 0x0000022dc8af1c00
Event: 663.409 Thread 0x0000022dc8af0ee0 Thread exited: 0x0000022dc8af0ee0
Event: 663.425 Thread 0x0000022dc8af2290 Thread exited: 0x0000022dc8af2290
Event: 753.484 Thread 0x0000022d82aa7cc0 Thread added: 0x0000022dc89cdb50
Event: 758.489 Thread 0x0000022dc89cdb50 Thread exited: 0x0000022dc89cdb50
Event: 837.458 Thread 0x0000022dcbe53310 Thread added: 0x0000022dcbe4ddc0
Event: 837.458 Thread 0x0000022dcbe53310 Thread exited: 0x0000022dcbe53310
Event: 837.463 Thread 0x0000022dcbe4ddc0 Thread added: 0x0000022dcbe53310
Event: 837.468 Thread 0x0000022dc8aef4a0 Thread exited: 0x0000022dc8aef4a0


Dynamic libraries:
0x00007ff77d670000 - 0x00007ff77d67e000 	D:\CS  software\Softwares-Custom\sts-4.31.0.RELEASE\plugins\org.eclipse.justj.openjdk.hotspot.jre.full.win32.x86_64_21.0.7.v20250502-0916\jre\bin\javaw.exe
0x00007ffd542d0000 - 0x00007ffd544e7000 	C:\Windows\SYSTEM32\ntdll.dll
0x00007ffd52ac0000 - 0x00007ffd52b84000 	C:\Windows\System32\KERNEL32.DLL
0x00007ffd51860000 - 0x00007ffd51c32000 	C:\Windows\System32\KERNELBASE.dll
0x00007ffd513f0000 - 0x00007ffd51501000 	C:\Windows\System32\ucrtbase.dll
0x00007ffd393a0000 - 0x00007ffd393b8000 	D:\CS  software\Softwares-Custom\sts-4.31.0.RELEASE\plugins\org.eclipse.justj.openjdk.hotspot.jre.full.win32.x86_64_21.0.7.v20250502-0916\jre\bin\jli.dll
0x00007ffd520c0000 - 0x00007ffd52271000 	C:\Windows\System32\USER32.dll
0x00007ffd3a430000 - 0x00007ffd3a6cb000 	C:\Windows\WinSxS\amd64_microsoft.windows.common-controls_6595b64144ccf1df_6.0.22621.5697_none_27154c497380d676\COMCTL32.dll
0x00007ffd513c0000 - 0x00007ffd513e6000 	C:\Windows\System32\win32u.dll
0x00007ffd531d0000 - 0x00007ffd531f9000 	C:\Windows\System32\GDI32.dll
0x00007ffd52010000 - 0x00007ffd520b7000 	C:\Windows\System32\msvcrt.dll
0x00007ffd51700000 - 0x00007ffd51823000 	C:\Windows\System32\gdi32full.dll
0x00007ffd51d80000 - 0x00007ffd51e1a000 	C:\Windows\System32\msvcp_win.dll
0x00007ffd3a960000 - 0x00007ffd3a97e000 	D:\CS  software\Softwares-Custom\sts-4.31.0.RELEASE\plugins\org.eclipse.justj.openjdk.hotspot.jre.full.win32.x86_64_21.0.7.v20250502-0916\jre\bin\VCRUNTIME140.dll
0x00007ffd53190000 - 0x00007ffd531c1000 	C:\Windows\System32\IMM32.DLL
0x0000000057230000 - 0x00000000572a1000 	C:\Windows\System32\QIPCAP64.dll
0x00007ffd53780000 - 0x00007ffd54021000 	C:\Windows\System32\SHELL32.dll
0x00007ffd51c40000 - 0x00007ffd51d7f000 	C:\Windows\System32\wintypes.dll
0x00007ffd52ba0000 - 0x00007ffd52f32000 	C:\Windows\System32\combase.dll
0x00007ffd52fc0000 - 0x00007ffd530d7000 	C:\Windows\System32\RPCRT4.dll
0x00007ffd52540000 - 0x00007ffd52618000 	C:\Windows\System32\OLEAUT32.dll
0x00007ffd533f0000 - 0x00007ffd534a1000 	C:\Windows\System32\ADVAPI32.dll
0x00007ffd51f60000 - 0x00007ffd52008000 	C:\Windows\System32\sechost.dll
0x00007ffd51830000 - 0x00007ffd51858000 	C:\Windows\System32\bcrypt.dll
0x00007ffd4fc20000 - 0x00007ffd4fd18000 	C:\Windows\SYSTEM32\DNSAPI.dll
0x00007ffd4fbf0000 - 0x00007ffd4fc1d000 	C:\Windows\SYSTEM32\IPHLPAPI.DLL
0x00007ffd53770000 - 0x00007ffd53779000 	C:\Windows\System32\NSI.dll
0x00007ffd423f0000 - 0x00007ffd423fc000 	D:\CS  software\Softwares-Custom\sts-4.31.0.RELEASE\plugins\org.eclipse.justj.openjdk.hotspot.jre.full.win32.x86_64_21.0.7.v20250502-0916\jre\bin\vcruntime140_1.dll
0x00007ffcefeb0000 - 0x00007ffceff3d000 	D:\CS  software\Softwares-Custom\sts-4.31.0.RELEASE\plugins\org.eclipse.justj.openjdk.hotspot.jre.full.win32.x86_64_21.0.7.v20250502-0916\jre\bin\msvcp140.dll
0x00007ffc9dc00000 - 0x00007ffc9e990000 	D:\CS  software\Softwares-Custom\sts-4.31.0.RELEASE\plugins\org.eclipse.justj.openjdk.hotspot.jre.full.win32.x86_64_21.0.7.v20250502-0916\jre\bin\server\jvm.dll
0x00007ffd51290000 - 0x00007ffd512dd000 	C:\Windows\SYSTEM32\POWRPROF.dll
0x00007ffd34490000 - 0x00007ffd3449a000 	C:\Windows\SYSTEM32\VERSION.dll
0x00007ffd4dc10000 - 0x00007ffd4dc44000 	C:\Windows\SYSTEM32\WINMM.dll
0x0000022df3760000 - 0x0000022df37d1000 	C:\Windows\System32\WS2_32.dll
0x00007ffd51270000 - 0x00007ffd51283000 	C:\Windows\SYSTEM32\UMPDC.dll
0x00007ffd50300000 - 0x00007ffd50318000 	C:\Windows\SYSTEM32\kernel.appcore.dll
0x00007ffd42640000 - 0x00007ffd4264a000 	D:\CS  software\Softwares-Custom\sts-4.31.0.RELEASE\plugins\org.eclipse.justj.openjdk.hotspot.jre.full.win32.x86_64_21.0.7.v20250502-0916\jre\bin\jimage.dll
0x00007ffd4eae0000 - 0x00007ffd4ed13000 	C:\Windows\SYSTEM32\DBGHELP.DLL
0x00007ffd343f0000 - 0x00007ffd34422000 	C:\Windows\SYSTEM32\dbgcore.DLL
0x00007ffd51e20000 - 0x00007ffd51e9b000 	C:\Windows\System32\bcryptPrimitives.dll
0x00007ffd3c480000 - 0x00007ffd3c4bc000 	D:\CS  software\Softwares-Custom\sts-4.31.0.RELEASE\plugins\org.eclipse.justj.openjdk.hotspot.jre.full.win32.x86_64_21.0.7.v20250502-0916\jre\bin\jdwp.dll
0x00007ffd39950000 - 0x00007ffd3995f000 	D:\CS  software\Softwares-Custom\sts-4.31.0.RELEASE\plugins\org.eclipse.justj.openjdk.hotspot.jre.full.win32.x86_64_21.0.7.v20250502-0916\jre\bin\instrument.dll
0x00007ffd38af0000 - 0x00007ffd38b0f000 	D:\CS  software\Softwares-Custom\sts-4.31.0.RELEASE\plugins\org.eclipse.justj.openjdk.hotspot.jre.full.win32.x86_64_21.0.7.v20250502-0916\jre\bin\java.dll
0x00007ffd4f0d0000 - 0x00007ffd4f9ea000 	C:\Windows\SYSTEM32\windows.storage.dll
0x00007ffd53660000 - 0x00007ffd5376b000 	C:\Windows\System32\SHCORE.dll
0x00007ffd52280000 - 0x00007ffd522e9000 	C:\Windows\System32\shlwapi.dll
0x00007ffd512f0000 - 0x00007ffd5131b000 	C:\Windows\SYSTEM32\profapi.dll
0x00007ffd37680000 - 0x00007ffd37698000 	D:\CS  software\Softwares-Custom\sts-4.31.0.RELEASE\plugins\org.eclipse.justj.openjdk.hotspot.jre.full.win32.x86_64_21.0.7.v20250502-0916\jre\bin\zip.dll
0x00007ffd4d0b0000 - 0x00007ffd4d0bb000 	D:\CS  software\Softwares-Custom\sts-4.31.0.RELEASE\plugins\org.eclipse.justj.openjdk.hotspot.jre.full.win32.x86_64_21.0.7.v20250502-0916\jre\bin\dt_socket.dll
0x00007ffd50820000 - 0x00007ffd50889000 	C:\Windows\system32\mswsock.dll
0x00007ffd4c8f0000 - 0x00007ffd4c8fa000 	C:\Windows\System32\rasadhlp.dll
0x00007ffd4d230000 - 0x00007ffd4d2b4000 	C:\Windows\System32\fwpuclnt.dll
0x00007ffd39390000 - 0x00007ffd393a0000 	D:\CS  software\Softwares-Custom\sts-4.31.0.RELEASE\plugins\org.eclipse.justj.openjdk.hotspot.jre.full.win32.x86_64_21.0.7.v20250502-0916\jre\bin\net.dll
0x00007ffd4d3f0000 - 0x00007ffd4d51c000 	C:\Windows\SYSTEM32\WINHTTP.dll
0x00007ffd32d70000 - 0x00007ffd32d86000 	D:\CS  software\Softwares-Custom\sts-4.31.0.RELEASE\plugins\org.eclipse.justj.openjdk.hotspot.jre.full.win32.x86_64_21.0.7.v20250502-0916\jre\bin\nio.dll
0x00007ffd3c1d0000 - 0x00007ffd3c1da000 	D:\CS  software\Softwares-Custom\sts-4.31.0.RELEASE\plugins\org.eclipse.justj.openjdk.hotspot.jre.full.win32.x86_64_21.0.7.v20250502-0916\jre\bin\management.dll
0x00007ffd3c1c0000 - 0x00007ffd3c1cb000 	D:\CS  software\Softwares-Custom\sts-4.31.0.RELEASE\plugins\org.eclipse.justj.openjdk.hotspot.jre.full.win32.x86_64_21.0.7.v20250502-0916\jre\bin\management_ext.dll
0x00007ffd52b90000 - 0x00007ffd52b98000 	C:\Windows\System32\PSAPI.DLL
0x00007ffd342c0000 - 0x00007ffd342d7000 	C:\Windows\system32\napinsp.dll
0x00007ffd228c0000 - 0x00007ffd228db000 	C:\Windows\system32\pnrpnsp.dll
0x00007ffd228a0000 - 0x00007ffd228b1000 	C:\Windows\System32\winrnr.dll
0x00007ffd22820000 - 0x00007ffd2283f000 	C:\Windows\system32\wshbth.dll
0x00007ffd227f0000 - 0x00007ffd22811000 	C:\Windows\system32\nlansp_c.dll
0x00007ffd50b70000 - 0x00007ffd50b8b000 	C:\Windows\SYSTEM32\CRYPTSP.dll
0x00007ffd502c0000 - 0x00007ffd502f7000 	C:\Windows\system32\rsaenh.dll
0x00007ffd508c0000 - 0x00007ffd508e8000 	C:\Windows\SYSTEM32\USERENV.dll
0x00007ffd50b50000 - 0x00007ffd50b5c000 	C:\Windows\SYSTEM32\CRYPTBASE.dll
0x00007ffd3acd0000 - 0x00007ffd3acd9000 	D:\CS  software\Softwares-Custom\sts-4.31.0.RELEASE\plugins\org.eclipse.justj.openjdk.hotspot.jre.full.win32.x86_64_21.0.7.v20250502-0916\jre\bin\extnet.dll
0x00007ffd37670000 - 0x00007ffd37680000 	D:\CS  software\Softwares-Custom\sts-4.31.0.RELEASE\plugins\org.eclipse.justj.openjdk.hotspot.jre.full.win32.x86_64_21.0.7.v20250502-0916\jre\bin\verify.dll
0x00007ffd42040000 - 0x00007ffd4204e000 	D:\CS  software\Softwares-Custom\sts-4.31.0.RELEASE\plugins\org.eclipse.justj.openjdk.hotspot.jre.full.win32.x86_64_21.0.7.v20250502-0916\jre\bin\sunmscapi.dll
0x00007ffd50c80000 - 0x00007ffd50cad000 	C:\Windows\SYSTEM32\ncrypt.dll
0x0000022dca7a0000 - 0x0000022dca908000 	C:\Windows\System32\CRYPT32.dll
0x00007ffd50c40000 - 0x00007ffd50c77000 	C:\Windows\SYSTEM32\NTASN1.dll
0x00007ffd1b950000 - 0x00007ffd1b958000 	C:\Windows\system32\wshunix.dll

dbghelp: loaded successfully - version: 4.0.5 - missing functions: none
symbol engine: initialized successfully - sym options: 0x614 - pdb path: .;D:\CS  software\Softwares-Custom\sts-4.31.0.RELEASE\plugins\org.eclipse.justj.openjdk.hotspot.jre.full.win32.x86_64_21.0.7.v20250502-0916\jre\bin;C:\Windows\SYSTEM32;C:\Windows\WinSxS\amd64_microsoft.windows.common-controls_6595b64144ccf1df_6.0.22621.5697_none_27154c497380d676;D:\CS  software\Softwares-Custom\sts-4.31.0.RELEASE\plugins\org.eclipse.justj.openjdk.hotspot.jre.full.win32.x86_64_21.0.7.v20250502-0916\jre\bin\server

VM Arguments:
jvm_args: -XX:+ShowCodeDetailsInExceptionMessages -agentlib:jdwp=transport=dt_socket,suspend=y,address=localhost:63997 -Dcom.sun.management.jmxremote -Dcom.sun.management.jmxremote.port=63995 -Dcom.sun.management.jmxremote.authenticate=false -Dcom.sun.management.jmxremote.ssl=false -Djava.rmi.server.hostname=localhost -Dspring.jmx.enabled=true -Dmanagement.endpoints.jmx.exposure.include=* -Dspring.application.admin.enabled=true -Dspring.output.ansi.enabled=always -XX:TieredStopAtLevel=1 -Dspring.boot.project.name=AnySpares-ServiceGateway -javaagent:D:\CS  software\Softwares-Custom\sts-4.31.0.RELEASE\configuration\org.eclipse.osgi\273\0\.cp\lib\javaagent-shaded.jar -Dfile.encoding=UTF-8 -Dstdout.encoding=UTF-8 -Dstderr.encoding=UTF-8 
java_command: com.anyspares.app.AnySparesServiceGatewayApplication
java_class_path (initial): D:\Practice-Workspace\GitHub-Projects\AnySpares\AnySpares-ServiceGateway\target\classes;C:\Users\inb322rahgha\.m2\repository\org\springframework\boot\spring-boot-starter-web\3.5.4\spring-boot-starter-web-3.5.4.jar;C:\Users\inb322rahgha\.m2\repository\org\springframework\boot\spring-boot-starter\3.5.4\spring-boot-starter-3.5.4.jar;C:\Users\inb322rahgha\.m2\repository\org\springframework\boot\spring-boot-starter-logging\3.5.4\spring-boot-starter-logging-3.5.4.jar;C:\Users\inb322rahgha\.m2\repository\ch\qos\logback\logback-classic\1.5.18\logback-classic-1.5.18.jar;C:\Users\inb322rahgha\.m2\repository\ch\qos\logback\logback-core\1.5.18\logback-core-1.5.18.jar;C:\Users\inb322rahgha\.m2\repository\org\apache\logging\log4j\log4j-to-slf4j\2.24.3\log4j-to-slf4j-2.24.3.jar;C:\Users\inb322rahgha\.m2\repository\org\apache\logging\log4j\log4j-api\2.24.3\log4j-api-2.24.3.jar;C:\Users\inb322rahgha\.m2\repository\org\slf4j\jul-to-slf4j\2.0.17\jul-to-slf4j-2.0.17.jar;C:\Users\inb322rahgha\.m2\repository\org\yaml\snakeyaml\2.4\snakeyaml-2.4.jar;C:\Users\inb322rahgha\.m2\repository\org\springframework\boot\spring-boot-starter-json\3.5.4\spring-boot-starter-json-3.5.4.jar;C:\Users\inb322rahgha\.m2\repository\com\fasterxml\jackson\core\jackson-databind\2.19.2\jackson-databind-2.19.2.jar;C:\Users\inb322rahgha\.m2\repository\com\fasterxml\jackson\datatype\jackson-datatype-jdk8\2.19.2\jackson-datatype-jdk8-2.19.2.jar;C:\Users\inb322rahgha\.m2\repository\com\fasterxml\jackson\datatype\jackson-datatype-jsr310\2.19.2\jackson-datatype-jsr310-2.19.2.jar;C:\Users\inb322rahgha\.m2\repository\com\fasterxml\jackson\module\jackson-module-parameter-names\2.19.2\jackson-module-parameter-names-2.19.2.jar;C:\Users\inb322rahgha\.m2\repository\org\springframework\spring-web\6.2.9\spring-web-6.2.9.jar;C:\Users\inb322rahgha\.m2\repository\org\springframework\spring-beans\6.2.9\spring-beans-6.2.9.jar;C:\Users\inb322rahgha\.m2\repository\io\micrometer\micrometer-observation\1.15.2\micrometer-observation-1.15.2.jar;C:\Users\inb322rahgha\.m2\repository\io\micrometer\micrometer-commons\1.15.2\micrometer-commons-1.15.2.jar;C:\Users\inb322rahgha\.m2\repository\org\springframework\spring-webmvc\6.2.9\spring-webmvc-6.2.9.jar;C:\Users\inb322rahgha\.m2\repository\org\springframework\spring-aop\6.2.9\spring-aop-6.2.9.jar;C:\Users\inb322rahgha\.m2\repository\org\springframework\spring-context\6.2.9\spring-context-6.2.9.jar;C:\Users\inb322rahgha\.m2\repository\org\springframework\spring-expression\6.2.9\spring-expression-6.2.9.jar;C:\Users\inb322rahgha\.m2\repository\org\springframework\cloud\spring-cloud-starter-gateway-server-webmvc\4.3.0\spring-cloud-starter-gateway-server-webmvc-4.3.0.jar;C:\Users\inb322rahgha\.m2\repository\org\springframework\cloud\spring-cloud-starter\4.3.0\spring-cloud-starter-4.3.0.jar;C:\Users\inb322rahgha\.m2\repository\org\springframework\cloud\spring-cloud-context\4.3.0\spring-cloud-context-4.3.0.jar;C:\Users\inb322rahgha\.m2\repository\org\springframework\security\spring-security-crypto\6.5.2\spring-security-crypto-6.5.2.jar;C:\Users\inb322rahgha\.m2\repository\org\springframework\cloud\spring-cloud-commons\4.3.0\spring-cloud-commons-4.3.0.jar;C:\Users\inb322rahgha\.m2\repository\org\bouncycastle\bcprov-jdk18on\1.80\bcprov-jdk18on-1.80.jar;C:\Users\inb322rahgha\.m2\repository\org\springframework\cloud\spring-cloud-gateway-server-webmvc\4.3.0\spring-cloud-gateway-server-webmvc-4.3.0.jar;C:\Users\inb322rahgha\.m2\repository\org\springframework\cloud\spring-cloud-gateway-server-mvc\4.3.0\spring-cloud-gateway-server-mvc-4.3.0.jar;C:\Users\inb322rahgha\.m2\repository\org\springframework\boot\spring-boot-starter-validation\3.5.4\spring-boot-starter-validation-3.5.4.jar;C:\Users\inb322rahgha\.m2\repository\org\hibernate\validator\hibernate-validator\8.0.2.Final\hibernate-validator-8.0.2.Final.jar;C:\Users\inb322rahgha\.m2\repository\jakarta\validation\jakarta.validation-api\3.0.2\jakarta.validation-api-3.0.2.jar;C:\Users\inb322rahgha\.m2\repository\org\springframework\boot\spring-boot-properties-migrator\3.5.4\spring-boot-properties-migrator-3.5.4.jar;C:\Users\inb322rahgha\.m2\repository\org\springframework\boot\spring-boot-configuration-metadata\3.5.4\spring-boot-configuration-metadata-3.5.4.jar;C:\Users\inb322rahgha\.m2\repository\org\springframework\cloud\spring-cloud-starter-netflix-eureka-client\4.3.0\spring-cloud-starter-netflix-eureka-client-4.3.0.jar;C:\Users\inb322rahgha\.m2\repository\org\springframework\cloud\spring-cloud-netflix-eureka-client\4.3.0\spring-cloud-netflix-eureka-client-4.3.0.jar;C:\Users\inb322rahgha\.m2\repository\org\apache\httpcomponents\client5\httpclient5\5.5\httpclient5-5.5.jar;C:\Users\inb322rahgha\.m2\repository\org\apache\httpcomponents\core5\httpcore5\5.3.4\httpcore5-5.3.4.jar;C:\Users\inb322rahgha\.m2\repository\org\apache\httpcomponents\core5\httpcore5-h2\5.3.4\httpcore5-h2-5.3.4.jar;C:\Users\inb322rahgha\.m2\repository\com\netflix\eureka\eureka-client\2.0.4\eureka-client-2.0.4.jar;C:\Users\inb322rahgha\.m2\repository\com\thoughtworks\xstream\xstream\1.4.20\xstream-1.4.20.jar;C:\Users\inb322rahgha\.m2\repository\io\github\x-stream\mxparser\1.2.2\mxparser-1.2.2.jar;C:\Users\inb322rahgha\.m2\repository\xmlpull\xmlpull\1.1.3.1\xmlpull-1.1.3.1.jar;C:\Users\inb322rahgha\.m2\repository\jakarta\ws\rs\jakarta.ws.rs-api\3.1.0\jakarta.ws.rs-api-3.1.0.jar;C:\Users\inb322rahgha\.m2\repository\jakarta\inject\jakarta.inject-api\2.0.1\jakarta.inject-api-2.0.1.jar;C:\Users\inb322rahgha\.m2\repository\com\netflix\spectator\spectator-api\1.7.3\spectator-api-1.7.3.jar;C:\Users\inb322rahgha\.m2\repository\org\slf4j\slf4j-api\2.0.17\slf4j-api-2.0.17.jar;C:\Users\inb322rahgha\.m2\repository\org\apache\httpcomponents\httpclient\4.5.3\httpclient-4.5.3.jar;C:\Users\inb322rahgha\.m2\repository\org\apache\httpcomponents\httpcore\4.4.16\httpcore-4.4.16.jar;C:\Users\inb322rahgha\.m2\repository\commons-codec\commons-codec\1.18.0\commons-codec-1.18.0.jar;C:\Users\inb322rahgha\.m2\repository\commons-configuration\commons-configuration\1.10\commons-configuration-1.10.jar;C:\Users\inb322rahgha\.m2\repository\commons-lang\commons-lang\2.6\commons-lang-2.6.jar;C:\Users\inb322rahgha\.m2\repository\com\fasterxml\jackson\core\jackson-annotations\2.19.2\jackson-annotations-2.19.2.jar;C:\Users\inb322rahgha\.m2\repository\com\fasterxml\jackson\core\jackson-core\2.19.2\jackson-core-2.19.2.jar;C:\Users\inb322rahgha\.m2\repository\com\netflix\netflix-commons\netflix-eventbus\0.3.0\netflix-eventbus-0.3.0.jar;C:\Users\inb322rahgha\.m2\repository\com\netflix\netflix-commons\netflix-infix\0.3.0\netflix-infix-0.3.0.jar;C:\Users\inb322rahgha\.m2\repository\commons-jxpath\commons-jxpath\1.3\commons-jxpath-1.3.jar;C:\Users\inb322rahgha\.m2\repository\joda-time\joda-time\2.3\joda-time-2.3.jar;C:\Users\inb322rahgha\.m2\repository\org\antlr\antlr-runtime\3.4\antlr-runtime-3.4.jar;C:\Users\inb322rahgha\.m2\repository\org\antlr\stringtemplate\3.2.1\stringtemplate-3.2.1.jar;C:\Users\inb322rahgha\.m2\repository\antlr\antlr\2.7.7\antlr-2.7.7.jar;C:\Users\inb322rahgha\.m2\repository\com\google\guava\guava\14.0.1\guava-14.0.1.jar;C:\Users\inb322rahgha\.m2\repository\com\google\code\gson\gson\2.13.1\gson-2.13.1.jar;C:\Users\inb322rahgha\.m2\repository\com\google\errorprone\error_prone_annotations\2.38.0\error_prone_annotations-2.38.0.jar;C:\Users\inb322rahgha\.m2\repository\com\netflix\servo\servo-core\0.5.3\servo-core-0.5.3.jar;C:\Users\inb322rahgha\.m2\repository\org\apache\commons\commons-math\2.2\commons-math-2.2.jar;C:\Users\inb322rahgha\.m2\repository\javax\annotation\javax.annotation-api\1.2\javax.annotation-api-1.2.jar;C:\Users\inb322rahgha\.m2\repository\org\codehaus\jettison\jettison\1.5.4\jettison-1.5.4.jar;C:\Users\inb322rahgha\.m2\repository\org\springframework\cloud\spring-cloud-starter-loadbalancer\4.3.0\spring-cloud-starter-loadbalancer-4.3.0.jar;C:\Users\inb322rahgha\.m2\repository\org\springframework\cloud\spring-cloud-loadbalancer\4.3.0\spring-cloud-loadbalancer-4.3.0.jar;C:\Users\inb322rahgha\.m2\repository\io\projectreactor\reactor-core\3.7.8\reactor-core-3.7.8.jar;C:\Users\inb322rahgha\.m2\repository\org\reactivestreams\reactive-streams\1.0.4\reactive-streams-1.0.4.jar;C:\Users\inb322rahgha\.m2\repository\io\projectreactor\addons\reactor-extra\3.5.2\reactor-extra-3.5.2.jar;C:\Users\inb322rahgha\.m2\repository\org\springframework\boot\spring-boot-starter-cache\3.5.4\spring-boot-starter-cache-3.5.4.jar;C:\Users\inb322rahgha\.m2\repository\org\springframework\spring-context-support\6.2.9\spring-context-support-6.2.9.jar;C:\Users\inb322rahgha\.m2\repository\com\stoyanr\evictor\1.0.0\evictor-1.0.0.jar;C:\Users\inb322rahgha\.m2\repository\com\mysql\mysql-connector-j\9.3.0\mysql-connector-j-9.3.0.jar;C:\Users\inb322rahgha\.m2\repository\org\projectlombok\lombok\1.18.38\lombok-1.18.38.jar;C:\Users\inb322rahgha\.m2\repository\org\springframework\boot\spring-boot-starter-data-jpa\3.5.4\spring-boot-starter-data-jpa-3.5.4.jar;C:\Users\inb322rahgha\.m2\repository\org\springframework\boot\spring-boot-starter-jdbc\3.5.4\spring-boot-starter-jdbc-3.5.4.jar;C:\Users\inb322rahgha\.m2\repository\com\zaxxer\HikariCP\6.3.1\HikariCP-6.3.1.jar;C:\Users\inb322rahgha\.m2\repository\org\springframework\spring-jdbc\6.2.9\spring-jdbc-6.2.9.jar;C:\Users\inb322rahgha\.m2\repository\org\hibernate\orm\hibernate-core\6.6.22.Final\hibernate-core-6.6.22.Final.jar;C:\Users\inb322rahgha\.m2\repository\jakarta\persistence\jakarta.persistence-api\3.1.0\jakarta.persistence-api-3.1.0.jar;C:\Users\inb322rahgha\.m2\repository\jakarta\transaction\jakarta.transaction-api\2.0.1\jakarta.transaction-api-2.0.1.jar;C:\Users\inb322rahgha\.m2\repository\org\jboss\logging\jboss-logging\3.6.1.Final\jboss-logging-3.6.1.Final.jar;C:\Users\inb322rahgha\.m2\repository\org\hibernate\common\hibernate-commons-annotations\7.0.3.Final\hibernate-commons-annotations-7.0.3.Final.jar;C:\Users\inb322rahgha\.m2\repository\io\smallrye\jandex\3.2.0\jandex-3.2.0.jar;C:\Users\inb322rahgha\.m2\repository\com\fasterxml\classmate\1.7.0\classmate-1.7.0.jar;C:\Users\inb322rahgha\.m2\repository\net\bytebuddy\byte-buddy\1.17.6\byte-buddy-1.17.6.jar;C:\Users\inb322rahgha\.m2\repository\org\glassfish\jaxb\jaxb-runtime\4.0.5\jaxb-runtime-4.0.5.jar;C:\Users\inb322rahgha\.m2\repository\org\glassfish\jaxb\jaxb-core\4.0.5\jaxb-core-4.0.5.jar;C:\Users\inb322rahgha\.m2\repository\org\eclipse\angus\angus-activation\2.0.2\angus-activation-2.0.2.jar;C:\Users\inb322rahgha\.m2\repository\org\glassfish\jaxb\txw2\4.0.5\txw2-4.0.5.jar;C:\Users\inb322rahgha\.m2\repository\com\sun\istack\istack-commons-runtime\4.1.2\istack-commons-runtime-4.1.2.jar;C:\Users\inb322rahgha\.m2\repository\org\antlr\antlr4-runtime\4.13.0\antlr4-runtime-4.13.0.jar;C:\Users\inb322rahgha\.m2\repository\org\springframework\data\spring-data-jpa\3.5.2\spring-data-jpa-3.5.2.jar;C:\Users\inb322rahgha\.m2\repository\org\springframework\data\spring-data-commons\3.5.2\spring-data-commons-3.5.2.jar;C:\Users\inb322rahgha\.m2\repository\org\springframework\spring-orm\6.2.9\spring-orm-6.2.9.jar;C:\Users\inb322rahgha\.m2\repository\org\springframework\spring-tx\6.2.9\spring-tx-6.2.9.jar;C:\Users\inb322rahgha\.m2\repository\org\springframework\spring-aspects\6.2.9\spring-aspects-6.2.9.jar;C:\Users\inb322rahgha\.m2\repository\org\aspectj\aspectjweaver\1.9.24\aspectjweaver-1.9.24.jar;C:\Users\inb322rahgha\.m2\repository\org\springframework\boot\spring-boot-starter-tomcat\3.5.4\spring-boot-starter-tomcat-3.5.4.jar;C:\Users\inb322rahgha\.m2\repository\jakarta\annotation\jakarta.annotation-api\2.1.1\jakarta.annotation-api-2.1.1.jar;C:\Users\inb322rahgha\.m2\repository\org\apache\tomcat\embed\tomcat-embed-core\10.1.43\tomcat-embed-core-10.1.43.jar;C:\Users\inb322rahgha\.m2\repository\org\apache\tomcat\embed\tomcat-embed-el\10.1.43\tomcat-embed-el-10.1.43.jar;C:\Users\inb322rahgha\.m2\repository\org\apache\tomcat\embed\tomcat-embed-websocket\10.1.43\tomcat-embed-websocket-10.1.43.jar;C:\Users\inb322rahgha\.m2\repository\org\springframework\boot\spring-boot-devtools\3.5.4\spring-boot-devtools-3.5.4.jar;C:\Users\inb322rahgha\.m2\repository\org\springframework\boot\spring-boot\3.5.4\spring-boot-3.5.4.jar;C:\Users\inb322rahgha\.m2\repository\org\springframework\boot\spring-boot-autoconfigure\3.5.4\spring-boot-autoconfigure-3.5.4.jar;C:\Users\inb322rahgha\.m2\repository\jakarta\xml\bind\jakarta.xml.bind-api\4.0.2\jakarta.xml.bind-api-4.0.2.jar;C:\Users\inb322rahgha\.m2\repository\jakarta\activation\jakarta.activation-api\2.1.3\jakarta.activation-api-2.1.3.jar;C:\Users\inb322rahgha\.m2\repository\com\vaadin\external\google\android-json\0.0.20131108.vaadin1\android-json-0.0.20131108.vaadin1.jar;C:\Users\inb322rahgha\.m2\repository\org\springframework\spring-core\6.2.9\spring-core-6.2.9.jar;C:\Users\inb322rahgha\.m2\repository\org\springframework\spring-jcl\6.2.9\spring-jcl-6.2.9.jar
Launcher Type: SUN_STANDARD

[Global flags]
     intx CICompilerCount                          = 4                                         {product} {ergonomic}
     uint ConcGCThreads                            = 3                                         {product} {ergonomic}
     uint G1ConcRefinementThreads                  = 10                                        {product} {ergonomic}
   size_t G1HeapRegionSize                         = 2097152                                   {product} {ergonomic}
    uintx GCDrainStackTargetSize                   = 64                                        {product} {ergonomic}
   size_t InitialHeapSize                          = 264241152                                 {product} {ergonomic}
     bool ManagementServer                         = true                                      {product} {command line}
   size_t MarkStackSize                            = 4194304                                   {product} {ergonomic}
   size_t MaxHeapSize                              = 4213178368                                {product} {ergonomic}
   size_t MaxNewSize                               = 2527068160                                {product} {ergonomic}
   size_t MinHeapDeltaBytes                        = 2097152                                   {product} {ergonomic}
   size_t MinHeapSize                              = 8388608                                   {product} {ergonomic}
    uintx NonNMethodCodeHeapSize                   = 4096                                   {pd product} {ergonomic}
    uintx NonProfiledCodeHeapSize                  = 0                                      {pd product} {ergonomic}
     bool ProfileInterpreter                       = false                                  {pd product} {command line}
    uintx ProfiledCodeHeapSize                     = 0                                      {pd product} {ergonomic}
     bool ShowCodeDetailsInExceptionMessages       = true                                   {manageable} {command line}
   size_t SoftMaxHeapSize                          = 4213178368                             {manageable} {ergonomic}
     intx TieredStopAtLevel                        = 1                                         {product} {command line}
     bool UseCompressedOops                        = true                           {product lp64_product} {ergonomic}
     bool UseG1GC                                  = true                                      {product} {ergonomic}
     bool UseLargePagesIndividualAllocation        = false                                  {pd product} {ergonomic}

Logging:
Log output configuration:
 #0: stdout all=warning uptime,level,tags foldmultilines=false
 #1: stderr all=off uptime,level,tags foldmultilines=false

Environment Variables:
JAVA_HOME=C:\Program Files\OpenLogic\jdk-8.0.452.09-hotspot
PATH=D:\CS  software\Softwares-Custom\sts-4.31.0.RELEASE\plugins\org.eclipse.justj.openjdk.hotspot.jre.full.win32.x86_64_21.0.7.v20250502-0916\jre\bin;D:/CS  software/Softwares-Custom/sts-4.31.0.RELEASE//plugins/org.eclipse.justj.openjdk.hotspot.jre.full.win32.x86_64_21.0.7.v20250502-0916/jre/bin/server;D:/CS  software/Softwares-Custom/sts-4.31.0.RELEASE//plugins/org.eclipse.justj.openjdk.hotspot.jre.full.win32.x86_64_21.0.7.v20250502-0916/jre/bin;D:\apache-maven-3.6.3\bin;C:\Program Files\OpenLogic\jdk-8.0.452.09-hotspot\bin;C:\Windows\system32;C:\Windows;C:\Windows\System32\Wbem;C:\Windows\System32\WindowsPowerShell\v1.0\;C:\Windows\System32\OpenSSH\;C:\Program Files\dotnet\;C:\Program Files\nodejs\;C:\Program Files\PuTTY\;;C:\Program Files\Docker\Docker\resources\bin;C:\Users\inb322rahgha\AppData\Local\Microsoft\WindowsApps;C:\Users\inb322rahgha\AppData\Roaming\npm;C:\Users\inb322rahgha\AppData\Local\Programs\Git\cmd;C:\Users\inb322rahgha\AppData\Local\Programs\Microsoft VS Code\bin;;D:\CS  software\Softwares-Custom\sts-4.31.0.RELEASE;
USERNAME=inb322rahgha
OS=Windows_NT
PROCESSOR_IDENTIFIER=Intel64 Family 6 Model 186 Stepping 3, GenuineIntel
TMP=C:\Users\INB322~1\AppData\Local\Temp
TEMP=C:\Users\INB322~1\AppData\Local\Temp




Periodic native trim disabled

---------------  S Y S T E M  ---------------

OS:
 Windows 11 , 64 bit Build 22621 (10.0.22621.5415)
OS uptime: 3 days 1:32 hours
Hyper-V role detected

CPU: total 12 (initial active 12) (6 cores per cpu, 2 threads per core) family 6 model 186 stepping 3 microcode 0x4128, cx8, cmov, fxsr, ht, mmx, 3dnowpref, sse, sse2, sse3, ssse3, sse4.1, sse4.2, popcnt, lzcnt, tsc, tscinvbit, avx, avx2, aes, erms, clmul, bmi1, bmi2, adx, sha, fma, vzeroupper, clflush, clflushopt, clwb, hv, serialize, rdtscp, rdpid, fsrm, f16c, cet_ibt, cet_ss
Processor Information for processor 0
  Max Mhz: 1600, Current Mhz: 1600, Mhz Limit: 1600
Processor Information for processor 1
  Max Mhz: 1600, Current Mhz: 1600, Mhz Limit: 1600
Processor Information for processor 2
  Max Mhz: 1600, Current Mhz: 1600, Mhz Limit: 1600
Processor Information for processor 3
  Max Mhz: 1600, Current Mhz: 1600, Mhz Limit: 1600
Processor Information for processor 4
  Max Mhz: 1600, Current Mhz: 1600, Mhz Limit: 1600
Processor Information for processor 5
  Max Mhz: 1600, Current Mhz: 1600, Mhz Limit: 1600
Processor Information for processor 6
  Max Mhz: 1600, Current Mhz: 1600, Mhz Limit: 1600
Processor Information for processor 7
  Max Mhz: 1600, Current Mhz: 1600, Mhz Limit: 1600
Processor Information for processor 8
  Max Mhz: 1600, Current Mhz: 1600, Mhz Limit: 1600
Processor Information for processor 9
  Max Mhz: 1600, Current Mhz: 1600, Mhz Limit: 1600
Processor Information for processor 10
  Max Mhz: 1600, Current Mhz: 1466, Mhz Limit: 1600
Processor Information for processor 11
  Max Mhz: 1600, Current Mhz: 1600, Mhz Limit: 1600

Memory: 4k page, system-wide physical 16068M (2474M free)
TotalPageFile size 36548M (AvailPageFile size 17580M)
current process WorkingSet (physical memory assigned to process): 355M, peak: 378M
current process commit charge ("private bytes"): 391M, peak: 437M

vm_info: OpenJDK 64-Bit Server VM (21.0.7+6-LTS) for windows-amd64 JRE (21.0.7+6-LTS), built on 2025-04-15T00:00:00Z by "admin" with MS VC++ 17.7 (VS2022)

END.
